<?xml version="1.0" encoding="UTF-8"?>
<!-- Generated by org.testng.reporters.JUnitXMLReporter -->
<testsuite ignored="31" hostname="CAOTT-MB630-292659.local" failures="0" tests="1" name="Test" time="328.113" errors="0" timestamp="2025-03-20T10:48:07 EDT">
  <testcase classname="impertoRental.AssertRentalPeriodInDrive" name="AssertRentalPeriodInDrive_Reset" time="328.082"/>
  <testcase classname="impertoRental.IncorrectUsernameAndIncorrectPasswordLogin" name="IncorrectUsernameAndIncorrectPassword_Reset" time="0.0">
    <ignored/>
  </testcase> <!-- IncorrectUsernameAndIncorrectPassword_Reset -->
  <testcase classname="impertoRental.IncorrectUsernameAndCorrectPasswordLogin" name="IncorrectUsernameAndCorrectPassword_Reset" time="0.0">
    <ignored/>
  </testcase> <!-- IncorrectUsernameAndCorrectPassword_Reset -->
  <testcase classname="impertoRental.ChangeLanguageWhileAppClosed" name="LanguageChangedWithClosedApp_Reset" time="0.0">
    <ignored/>
  </testcase> <!-- LanguageChangedWithClosedApp_Reset -->
  <testcase classname="impertoRental.LeavingAndRelaunching" name="LeaveAndRelauch_Reset" time="0.0">
    <ignored/>
  </testcase> <!-- LeaveAndRelauch_Reset -->
  <testcase classname="impertoRental.LoginandOut" name="LoginLogout_Reset" time="0.0">
    <ignored/>
  </testcase> <!-- LoginLogout_Reset -->
  <testcase classname="impertoRental.BLEDisruptionDuringPostcheck" name="BLEInteruptPostcheck_NoReset" time="0.0">
    <ignored/>
  </testcase> <!-- BLEInteruptPostcheck_NoReset -->
  <testcase classname="impertoRental.LandscapePhotoCapture" name="landScapePhotoCapture_Reset" time="0.0">
    <ignored/>
  </testcase> <!-- landScapePhotoCapture_Reset -->
  <testcase classname="impertoRental.ExtendedRental" name="ExtendedRent_Reset" time="0.0">
    <ignored/>
  </testcase> <!-- ExtendedRent_Reset -->
  <testcase classname="impertoRental.GetHelpWithEquipment" name="HelpWithEquipment_Reset" time="0.0">
    <ignored/>
  </testcase> <!-- HelpWithEquipment_Reset -->
  <testcase classname="impertoRental.ActivationAttemptBeforePrecheckSubmission" name="ActivationBeforePrecheckSubmission_Reset" time="0.0">
    <ignored/>
  </testcase> <!-- ActivationBeforePrecheckSubmission_Reset -->
  <testcase classname="impertoRental.EquipmentStatusBeforeActivation" name="statusBeforeActivation_Reset" time="0.0">
    <ignored/>
  </testcase> <!-- statusBeforeActivation_Reset -->
  <testcase classname="impertoRental.LicensePlateTest" name="LicensePlate_Reset" time="0.0">
    <ignored/>
  </testcase> <!-- LicensePlate_Reset -->
  <testcase classname="impertoRental.AccountPageContactLink" name="AccounPagetContactLink_Reset" time="0.0">
    <ignored/>
  </testcase> <!-- AccounPagetContactLink_Reset -->
  <testcase classname="impertoRental.AvailableEquipmentLink" name="availableEquipmentLink_Reset" time="0.0">
    <ignored/>
  </testcase> <!-- availableEquipmentLink_Reset -->
  <testcase classname="impertoRental.ForgotUserPassword" name="ForgotUserPass_Reset" time="0.0">
    <ignored/>
  </testcase> <!-- ForgotUserPass_Reset -->
  <testcase classname="impertoRental.EquipmentNameAssertion" name="equipmentNameAssertion_Reset" time="0.0">
    <ignored/>
  </testcase> <!-- equipmentNameAssertion_Reset -->
  <testcase classname="impertoRental.EquipmentStatusAfterActivation" name="statusAfterActivation_Reset" time="0.0">
    <ignored/>
  </testcase> <!-- statusAfterActivation_Reset -->
  <testcase classname="impertoRental.BLEDisruptionDuringDriveTab" name="BLEDisruptionDuringDriveTab_NoReset" time="0.0">
    <ignored/>
  </testcase> <!-- BLEDisruptionDuringDriveTab_NoReset -->
  <testcase classname="impertoRental.CallTabLinkVerification" name="CallTabLink_Reset" time="0.0">
    <ignored/>
  </testcase> <!-- CallTabLink_Reset -->
  <testcase classname="impertoRental.InitialConnectionAtemptWithDisabledBLE" name="BLEInteruptInitialConnection_NoReset" time="0.0">
    <ignored/>
  </testcase> <!-- BLEInteruptInitialConnection_NoReset -->
  <testcase classname="impertoRental.ConnectionAndDisconnectionTime" name="connectionAndDisconnectionTime_Reset" time="0.0">
    <ignored/>
  </testcase> <!-- connectionAndDisconnectionTime_Reset -->
  <testcase classname="impertoRental.BookingAttemptWithAirplaneModeEnabled" name="bookingAttemptWithEnabledAirplaneMode_NoReset" time="0.0">
    <ignored/>
  </testcase> <!-- bookingAttemptWithEnabledAirplaneMode_NoReset -->
  <testcase classname="impertoRental.AccountPageContactLink" name="InitializeChromeDriver" time="0.0">
    <ignored/>
  </testcase> <!-- InitializeChromeDriver -->
  <testcase classname="impertoRental.ChangeLanguageWhileInApp" name="LanguageChangeWhileInApp_NoReset" time="0.0">
    <ignored/>
  </testcase> <!-- LanguageChangeWhileInApp_NoReset -->
  <testcase classname="impertoRental.EquipmentUnlockedAfterConnection" name="equipmentUnlockedAfterConnection_Reset" time="0.0">
    <ignored/>
  </testcase> <!-- equipmentUnlockedAfterConnection_Reset -->
  <testcase classname="impertoRental.CloseAndLaunchApp" name="CloseAndLaunch_NoReset" time="0.0">
    <ignored/>
  </testcase> <!-- CloseAndLaunch_NoReset -->
  <testcase classname="impertoRental.ConnectAndDisconnectOnDriveAsOperator" name="ReconnectonDriveAsOperator_NoReset" time="0.0">
    <ignored/>
  </testcase> <!-- ReconnectonDriveAsOperator_NoReset -->
  <testcase classname="impertoRental.BLEDisruptionDuringPrecheck" name="BLEInteruptPrecheck_NoReset" time="0.0">
    <ignored/>
  </testcase> <!-- BLEInteruptPrecheck_NoReset -->
  <testcase classname="impertoRental.BookingAttemptWithNoWiFi" name="bookingAttemptWithNoWiFi_NoReset" time="0.0">
    <ignored/>
  </testcase> <!-- bookingAttemptWithNoWiFi_NoReset -->
  <testcase classname="impertoRental.LoginAtemptWithNoWiFi" name="AttemptloginWithNoWifi_NOReset" time="0.0">
    <ignored/>
  </testcase> <!-- AttemptloginWithNoWifi_NOReset -->
  <testcase classname="impertoRental.LoginAtemptWithEnabledAirplaneMode" name="AttemptloginWithEnabledAirplaneMode_NoReset" time="0.0">
    <ignored/>
  </testcase> <!-- AttemptloginWithEnabledAirplaneMode_NoReset -->
</testsuite> <!-- Test -->
