<?xml version="1.0" encoding="UTF-8"?>
<!-- Generated by org.testng.reporters.JUnitXMLReporter -->
<testsuite ignored="0" hostname="CAOTT-MB630.local" failures="1" tests="1" name="Test(failed)" time="0.104" errors="0" timestamp="2022-01-02T18:17:35 EST">
  <testcase classname="ZeppelinRental.GeneralRenTest" name="GeneralRental" time="0.074">
    <failure type="io.appium.java_client.service.local.InvalidServerInstanceException" message="The main Appium script does not exist at &amp;apos;/Users/ramin.karimi/eclipse-workspace/IOS/appium/build/lib/main.js&amp;apos;">
      <![CDATA[io.appium.java_client.service.local.InvalidServerInstanceException: The main Appium script does not exist at '/Users/ramin.karimi/eclipse-workspace/IOS/appium/build/lib/main.js'
at io.appium.java_client.service.local.AppiumServiceBuilder.findMainScript(AppiumServiceBuilder.java:163)
at io.appium.java_client.service.local.AppiumServiceBuilder.loadPathToMainScript(AppiumServiceBuilder.java:317)
at io.appium.java_client.service.local.AppiumServiceBuilder.createArgs(AppiumServiceBuilder.java:373)
at org.openqa.selenium.remote.service.DriverService$Builder.build(DriverService.java:358)
at io.appium.java_client.service.local.AppiumDriverLocalService.buildService(AppiumDriverLocalService.java:91)
at io.appium.java_client.service.local.AppiumDriverLocalService.buildDefaultService(AppiumDriverLocalService.java:87)
at resources.BaseIOSTest.startServer(BaseIOSTest.java:20)
at ZeppelinRental.GeneralRenTest.GeneralRental(GeneralRenTest.java:38)
at java.base/java.util.ArrayList.forEach(ArrayList.java:1511)
... Removed 27 stack frames]]>
    </failure>
  </testcase> <!-- GeneralRental -->
</testsuite> <!-- Test(failed) -->
