<?xml version="1.0" encoding="UTF-8"?>
<testsuite xmlns:xsi="http://www.w3.org/2001/XMLSchema-instance" xsi:noNamespaceSchemaLocation="https://maven.apache.org/surefire/maven-surefire-plugin/xsd/surefire-test-report-3.0.xsd" version="3.0" name="TestSuite" time="435.471" tests="1" errors="0" skipped="0" failures="0">
  <properties>
[...]
</properties>
  <testcase name="GeneralRental" classname="ZeppelinRental.GeneralRentTest" time="430.736">
    <system-out><![CDATA[Server runing status is false
&amp#27;[35m[Appium]&amp#27;[39m Welcome to Appium v1.22.0
&amp#27;[35m[Appium]&amp#27;[39m Non-default server args:
&amp#27;[35m[Appium]&amp#27;[39m   address: 127.0.0.1
&amp#27;[35m[Appium]&amp#27;[39m Appium REST http interface listener started on 127.0.0.1:4723
&amp#27;[35m[HTTP]&amp#27;[39m &amp#27;[37m-->&amp#27;[39m &amp#27;[37mGET&amp#27;[39m &amp#27;[37m/wd/hub/status&amp#27;[39m
&amp#27;[35m[HTTP]&amp#27;[39m &amp#27;[90m{}&amp#27;[39m
[debug] &amp#27;[35m[GENERIC]&amp#27;[39m Calling AppiumDriver.getStatus() with args: []
[debug] &amp#27;[35m[GENERIC]&amp#27;[39m Responding to client with driver.getStatus() result: {"build":{"version":"1.22.0"}}
&amp#27;[35m[HTTP]&amp#27;[39m &amp#27;[37m<-- GET /wd/hub/status &amp#27;[39m&amp#27;[32m200&amp#27;[39m &amp#27;[90m5 ms - 68&amp#27;[39m
&amp#27;[35m[HTTP]&amp#27;[39m &amp#27;[90m&amp#27;[39m
[debug] &amp#27;[35m[HTTP]&amp#27;[39m Request idempotency key: 0750200d-32a8-40ab-89a8-319e6dceffa0
&amp#27;[35m[HTTP]&amp#27;[39m &amp#27;[37m-->&amp#27;[39m &amp#27;[37mPOST&amp#27;[39m &amp#27;[37m/wd/hub/session&amp#27;[39m
&amp#27;[35m[HTTP]&amp#27;[39m &amp#27;[90m{"desiredCapabilities":{"app":"/Users/ramin.karimi/eclipse-workspace/IOS/src/main/java/resources/irdeto-Zeppelin.ipa","simpleIsVisibleCheck":"true","commandTimeouts":"750000","xcodeOrgId":"XMS468WL7M","deviceName":"iPhone","launchTimeout":"500000","updatedWDABundleId":"com.irdetosecurity.keystone.clr.zeppelin.internal","xcodeSigningId":"iPhone Developer","platformVersion":"14.0.1","automationName":"XCuiTest","platformName":"iOS","udid":"00008030-001241C821F2402E"},"capabilities":{"firstMatch":[{"appium:app":"/Users/ramin.karimi/eclipse-workspace/IOS/src/main/java/resources/irdeto-Zeppelin.ipa","appium:automationName":"XCuiTest","appium:commandTimeouts":"750000","appium:deviceName":"iPhone","appium:launchTimeout":"500000","platformName":"ios","appium:platformVersion":"14.0.1","appium:simpleIsVisibleCheck":"true","appium:udid":"00008030-001241C821F2402E","appium:updatedWDABundleId":"com.irdetosecurity.keystone.clr.zeppelin.internal","appium:xcodeOrgId":"XMS468WL7M","appium:xcodeSigningId":"iPhone Developer"}]}}&amp#27;[39m
[debug] &amp#27;[35m[W3C]&amp#27;[39m Calling AppiumDriver.createSession() with args: [{"app":"/Users/ramin.karimi/eclipse-workspace/IOS/src/main/java/resources/irdeto-Zeppelin.ipa","simpleIsVisibleCheck":"true","commandTimeouts":"750000","xcodeOrgId":"XMS468WL7M","deviceName":"iPhone","launchTimeout":"500000","updatedWDABundleId":"com.irdetosecurity.keystone.clr.zeppelin.internal","xcodeSigningId":"iPhone Developer","platformVersion":"14.0.1","automationName":"XCuiTest","platformName":"iOS","udid":"00008030-001241C821F2402E"},null,{"firstMatch":[{"appium:app":"/Users/ramin.karimi/eclipse-workspace/IOS/src/main/java/resources/irdeto-Zeppelin.ipa","appium:automationName":"XCuiTest","appium:commandTimeouts":"750000","appium:deviceName":"iPhone","appium:launchTimeout":"500000","platformName":"ios","appium:platformVersion":"14.0.1","appium:simpleIsVisibleCheck":"true","appium:udid":"00008030-001241C821F2402E","appium:updatedWDABundleId":"com.irdetosecurity.keystone.clr.zeppelin.internal","appium:xcodeOrgId":"XMS468WL7M","appium:xcodeSigningId":"iPhone Developer"}]}]
[debug] &amp#27;[35m[BaseDriver]&amp#27;[39m Event 'newSessionRequested' logged at 1645809273177 (12:14:33 GMT-0500 (Eastern Standard Time))
&amp#27;[35m[Appium]&amp#27;[39m Appium v1.22.0 creating new XCUITestDriver (v3.53.1) session
[debug] &amp#27;[35m[BaseDriver]&amp#27;[39m W3C capabilities and MJSONWP desired capabilities were provided
[debug] &amp#27;[35m[BaseDriver]&amp#27;[39m Creating session with W3C capabilities: {
[debug] &amp#27;[35m[BaseDriver]&amp#27;[39m   "alwaysMatch": {
[debug] &amp#27;[35m[BaseDriver]&amp#27;[39m     "platformName": "ios",
[debug] &amp#27;[35m[BaseDriver]&amp#27;[39m     "appium:app": "/Users/ramin.karimi/eclipse-workspace/IOS/src/main/java/resources/irdeto-Zeppelin.ipa",
[debug] &amp#27;[35m[BaseDriver]&amp#27;[39m     "appium:automationName": "XCuiTest",
[debug] &amp#27;[35m[BaseDriver]&amp#27;[39m     "appium:commandTimeouts": "750000",
[debug] &amp#27;[35m[BaseDriver]&amp#27;[39m     "appium:deviceName": "iPhone",
[debug] &amp#27;[35m[BaseDriver]&amp#27;[39m     "appium:launchTimeout": "500000",
[debug] &amp#27;[35m[BaseDriver]&amp#27;[39m     "appium:platformVersion": "14.0.1",
[debug] &amp#27;[35m[BaseDriver]&amp#27;[39m     "appium:simpleIsVisibleCheck": "true",
[debug] &amp#27;[35m[BaseDriver]&amp#27;[39m     "appium:udid": "00008030-001241C821F2402E",
[debug] &amp#27;[35m[BaseDriver]&amp#27;[39m     "appium:updatedWDABundleId": "com.irdetosecurity.keystone.clr.zeppelin.internal",
[debug] &amp#27;[35m[BaseDriver]&amp#27;[39m     "appium:xcodeOrgId": "XMS468WL7M",
[debug] &amp#27;[35m[BaseDriver]&amp#27;[39m     "appium:xcodeSigningId": "iPhone Developer"
[debug] &amp#27;[35m[BaseDriver]&amp#27;[39m   },
[debug] &amp#27;[35m[BaseDriver]&amp#27;[39m   "firstMatch": [
[debug] &amp#27;[35m[BaseDriver]&amp#27;[39m     {}
[debug] &amp#27;[35m[BaseDriver]&amp#27;[39m   ]
[debug] &amp#27;[35m[BaseDriver]&amp#27;[39m }
&amp#27;[35m[BaseDriver]&amp#27;[39m Capability 'simpleIsVisibleCheck' changed from string to boolean. This may cause unexpected behavior
&amp#27;[35m[BaseDriver]&amp#27;[39m The following capabilities were provided, but are not recognized by Appium:
&amp#27;[35m[BaseDriver]&amp#27;[39m   launchTimeout
&amp#27;[35m[BaseDriver]&amp#27;[39m Session created with session id: fa22c5fe-5ae1-4114-abfe-4bea6798cb79
[debug] &amp#27;[35m[XCUITest]&amp#27;[39m Current user: 'ramin.karimi'
[debug] &amp#27;[35m[XCUITest]&amp#27;[39m Available devices: 00008030-001241C821F2402E
[debug] &amp#27;[35m[XCUITest]&amp#27;[39m Creating iDevice object with udid '00008030-001241C821F2402E'
&amp#27;[35m[XCUITest]&amp#27;[39m Determining device to run tests on: udid: '00008030-001241C821F2402E', real device: true
&amp#27;[35m[XCUITest]&amp#27;[39m Normalized platformVersion capability value '14.0.1' to '14.0'
[debug] &amp#27;[35m[BaseDriver]&amp#27;[39m Event 'xcodeDetailsRetrieved' logged at 1645809273406 (12:14:33 GMT-0500 (Eastern Standard Time))
&amp#27;[35m[BaseDriver]&amp#27;[39m Using local app '/Users/ramin.karimi/eclipse-workspace/IOS/src/main/java/resources/irdeto-Zeppelin.ipa'
[debug] &amp#27;[35m[BaseDriver]&amp#27;[39m Unzipping '/Users/ramin.karimi/eclipse-workspace/IOS/src/main/java/resources/irdeto-Zeppelin.ipa'
[debug] &amp#27;[35m[BaseDriver]&amp#27;[39m Enforcing UTF-8 encoding on the extracted file names for 'irdeto-Zeppelin.ipa'
dbug Support Found '%s' at '%s'
dbug Support unzip
dbug Support /usr/bin/unzip
[debug] &amp#27;[35m[BaseDriver]&amp#27;[39m Extracted 1 bundle item from '/Users/ramin.karimi/eclipse-workspace/IOS/src/main/java/resources/irdeto-Zeppelin.ipa' in 736ms: Payload/irdeto-zeppelin.app
&amp#27;[35m[BaseDriver]&amp#27;[39m Assuming 'Payload/irdeto-zeppelin.app' is the correct bundle
&amp#27;[35m[BaseDriver]&amp#27;[39m Unzipped local app to '/var/folders/r8/j410hbxj31n09438mj9pjg6d124h42/T/2022125-81669-1iyw3b6.z71b/irdeto-zeppelin.app'
[debug] &amp#27;[35m[BaseDriver]&amp#27;[39m Event 'appConfigured' logged at 1645809274272 (12:14:34 GMT-0500 (Eastern Standard Time))
[debug] &amp#27;[35m[XCUITest]&amp#27;[39m Checking whether app '/var/folders/r8/j410hbxj31n09438mj9pjg6d124h42/T/2022125-81669-1iyw3b6.z71b/irdeto-zeppelin.app' is actually present on file system
[debug] &amp#27;[35m[XCUITest]&amp#27;[39m App is present
[debug] &amp#27;[35m[XCUITest]&amp#27;[39m Getting bundle ID from app '/var/folders/r8/j410hbxj31n09438mj9pjg6d124h42/T/2022125-81669-1iyw3b6.z71b/irdeto-zeppelin.app': 'com.irdetosecurity.keystone.clr.zeppelin.internal'
[debug] &amp#27;[35m[BaseDriver]&amp#27;[39m Event 'resetStarted' logged at 1645809274274 (12:14:34 GMT-0500 (Eastern Standard Time))
[debug] &amp#27;[35m[XCUITest]&amp#27;[39m Reset: running ios real device reset flow
[debug] &amp#27;[35m[BaseDriver]&amp#27;[39m Event 'resetComplete' logged at 1645809274275 (12:14:34 GMT-0500 (Eastern Standard Time))
&amp#27;[35m[WebDriverAgent]&amp#27;[39m Using WDA path: '/usr/local/lib/node_modules/appium/node_modules/appium-webdriveragent'
&amp#27;[35m[WebDriverAgent]&amp#27;[39m Using WDA agent: '/usr/local/lib/node_modules/appium/node_modules/appium-webdriveragent/WebDriverAgent.xcodeproj'
[debug] &amp#27;[35m[XCUITest]&amp#27;[39m Crash reports root '/Users/ramin.karimi/Library/Logs/CrashReporter/MobileDevice/iPhone' does not exist. Got nothing to gather.
[debug] &amp#27;[35m[BaseDriver]&amp#27;[39m Event 'logCaptureStarted' logged at 1645809274465 (12:14:34 GMT-0500 (Eastern Standard Time))
&amp#27;[35m[XCUITest]&amp#27;[39m Setting up real device
[debug] &amp#27;[35m[XCUITest]&amp#27;[39m Verifying application platform
[debug] &amp#27;[35m[XCUITest]&amp#27;[39m CFBundleSupportedPlatforms: ["iPhoneOS"]
[debug] &amp#27;[35m[XCUITest]&amp#27;[39m Reset requested. Removing app with id 'com.irdetosecurity.keystone.clr.zeppelin.internal' from the device
[debug] &amp#27;[35m[XCUITest]&amp#27;[39m Installing '/var/folders/r8/j410hbxj31n09438mj9pjg6d124h42/T/2022125-81669-1iyw3b6.z71b/irdeto-zeppelin.app' on device with UUID '00008030-001241C821F2402E'...
[debug] &amp#27;[35m[WebDriverAgent]&amp#27;[39m Parsed BUILD_DIR configuration value: '/Users/ramin.karimi/Library/Developer/Xcode/DerivedData/WebDriverAgent-ciegwgvxzxdrqthilmrmczmqvrgu/Build/Products'
[debug] &amp#27;[35m[WebDriverAgent]&amp#27;[39m Got derived data root: '/Users/ramin.karimi/Library/Developer/Xcode/DerivedData/WebDriverAgent-ciegwgvxzxdrqthilmrmczmqvrgu'
dbug Support Traversed 84 directories and 254 files in 6248ms
[debug] &amp#27;[35m[XCUITest]&amp#27;[39m Pushed the app files successfully after 6358ms
&amp#27;[35m[XCUITest]&amp#27;[39m App installation succeeded after 7056ms
[debug] &amp#27;[35m[XCUITest]&amp#27;[39m The app has been installed successfully.
[debug] &amp#27;[35m[BaseDriver]&amp#27;[39m Event 'appInstalled' logged at 1645809281956 (12:14:41 GMT-0500 (Eastern Standard Time))
[debug] &amp#27;[35m[WebDriverAgent]&amp#27;[39m No obsolete cached processes from previous WDA sessions listening on port 8100 have been found
&amp#27;[35m[DevCon Factory]&amp#27;[39m Requesting connection for device 00008030-001241C821F2402E on local port 8100, device port 8100
[debug] &amp#27;[35m[DevCon Factory]&amp#27;[39m Cached connections count: 0
&amp#27;[35m[DevCon Factory]&amp#27;[39m Successfully requested the connection for 00008030-001241C821F2402E:8100
[debug] &amp#27;[35m[XCUITest]&amp#27;[39m Starting WebDriverAgent initialization with the synchronization key 'XCUITestDriver'
[debug] &amp#27;[35m[WD Proxy]&amp#27;[39m Matched '/status' to command name 'getStatus'
[debug] &amp#27;[35m[WD Proxy]&amp#27;[39m Proxying [GET /status] to [GET http://127.0.0.1:8100/status] with no body
[debug] &amp#27;[35m[WD Proxy]&amp#27;[39m Got response with status 200: {"value":{"message":"WebDriverAgent is ready to accept commands","state":"success","os":{"testmanagerdVersion":28,"name":"iOS","sdkVersion":"15.2","version":"14.0.1"},"ios":{"ip":"169.254.81.228"},"ready":true,"build":{"upgradedAt":"1633230450059","time":"Feb 25 2022 11:47:33","productBundleIdentifier":"com.irdetosecurity.keystone.clr.zeppelin.internal"}},"sessionId":"01CB655A-D4F3-4969-A7F5-4179A1ABCAA3"}
[debug] &amp#27;[35m[WebDriverAgent]&amp#27;[39m Upgrade timestamp of the currently bundled WDA: 1633230450059
[debug] &amp#27;[35m[WebDriverAgent]&amp#27;[39m Upgrade timestamp of the WDA on the device: 1633230450059
&amp#27;[35m[WebDriverAgent]&amp#27;[39m Will reuse previously cached WDA instance at 'http://127.0.0.1:8100/' with 'com.irdetosecurity.keystone.clr.zeppelin.internal'. Set the wdaLocalPort capability to a value different from 8100 if this is an undesired behavior.
[debug] &amp#27;[35m[XCUITest]&amp#27;[39m Trying to start WebDriverAgent 1 times with 10000ms interval
[debug] &amp#27;[35m[XCUITest]&amp#27;[39m These values can be customized by changing wdaStartupRetries/wdaStartupRetryInterval capabilities
[debug] &amp#27;[35m[BaseDriver]&amp#27;[39m Event 'wdaStartAttempted' logged at 1645809282198 (12:14:42 GMT-0500 (Eastern Standard Time))
&amp#27;[35m[WebDriverAgent]&amp#27;[39m Using provided WebdriverAgent at 'http://127.0.0.1:8100/'
[debug] &amp#27;[35m[WD Proxy]&amp#27;[39m Matched '/status' to command name 'getStatus'
[debug] &amp#27;[35m[WD Proxy]&amp#27;[39m Proxying [GET /status] to [GET http://127.0.0.1:8100/status] with no body
[debug] &amp#27;[35m[WD Proxy]&amp#27;[39m Got response with status 200: {"value":{"message":"WebDriverAgent is ready to accept commands","state":"success","os":{"testmanagerdVersion":28,"name":"iOS","sdkVersion":"15.2","version":"14.0.1"},"ios":{"ip":"169.254.81.228"},"ready":true,"build":{"upgradedAt":"1633230450059","time":"Feb 25 2022 11:47:33","productBundleIdentifier":"com.irdetosecurity.keystone.clr.zeppelin.internal"}},"sessionId":"01CB655A-D4F3-4969-A7F5-4179A1ABCAA3"}
[debug] &amp#27;[35m[BaseDriver]&amp#27;[39m Event 'wdaSessionAttempted' logged at 1645809282206 (12:14:42 GMT-0500 (Eastern Standard Time))
[debug] &amp#27;[35m[XCUITest]&amp#27;[39m Sending createSession command to WDA
[debug] &amp#27;[35m[XCUITest]&amp#27;[39m Setting custom timeout to 750000 ms for 'createSession' command
[debug] &amp#27;[35m[WD Proxy]&amp#27;[39m Matched '/session' to command name 'createSession'
[debug] &amp#27;[35m[WD Proxy]&amp#27;[39m Proxying [POST /session] to [POST http://127.0.0.1:8100/session] with body: {"capabilities":{"firstMatch":[{"bundleId":"com.irdetosecurity.keystone.clr.zeppelin.internal","arguments":[],"environment":{},"eventloopIdleDelaySec":0,"shouldWaitForQuiescence":true,"shouldUseTestManagerForVisibilityDetection":true,"maxTypingFrequency":60,"shouldUseSingletonTestManager":true,"shouldTerminateApp":true,"forceAppLaunch":true,"useNativeCachingStrategy":true,"forceSimulatorSoftwareKeyboardPresence":true}],"alwaysMatch":{}}}
[debug] &amp#27;[35m[WD Proxy]&amp#27;[39m Got response with status 200: {"value":{"sessionId":"60DEF1F0-4A14-4727-943C-DB82535553CA","capabilities":{"device":"iphone","browserName":" ","sdkVersion":"14.0.1","CFBundleIdentifier":"com.apple.springboard"}},"sessionId":"60DEF1F0-4A14-4727-943C-DB82535553CA"}
&amp#27;[35m[WD Proxy]&amp#27;[39m Determined the downstream protocol as 'W3C'
[debug] &amp#27;[35m[BaseDriver]&amp#27;[39m Event 'wdaSessionStarted' logged at 1645809289025 (12:14:49 GMT-0500 (Eastern Standard Time))
[debug] &amp#27;[35m[BaseDriver]&amp#27;[39m Event 'wdaStarted' logged at 1645809289025 (12:14:49 GMT-0500 (Eastern Standard Time))
&amp#27;[35m[XCUITest]&amp#27;[39m Skipping setting of the initial display orientation. Set the "orientation" capability to either "LANDSCAPE" or "PORTRAIT", if this is an undesired behavior.
[debug] &amp#27;[35m[BaseDriver]&amp#27;[39m Event 'orientationSet' logged at 1645809289026 (12:14:49 GMT-0500 (Eastern Standard Time))
[debug] &amp#27;[35m[BaseDriver]&amp#27;[39m The value of 'elementResponseAttributes' setting did not change. Skipping the update for it
[debug] &amp#27;[35m[BaseDriver]&amp#27;[39m The value of 'shouldUseCompactResponses' setting did not change. Skipping the update for it
&amp#27;[35m[Appium]&amp#27;[39m New XCUITestDriver session created successfully, session fa22c5fe-5ae1-4114-abfe-4bea6798cb79 added to master session list
[debug] &amp#27;[35m[BaseDriver]&amp#27;[39m Event 'newSessionStarted' logged at 1645809289027 (12:14:49 GMT-0500 (Eastern Standard Time))
[debug] &amp#27;[35m[W3C (fa22c5fe)]&amp#27;[39m Cached the protocol value 'W3C' for the new session fa22c5fe-5ae1-4114-abfe-4bea6798cb79
[debug] &amp#27;[35m[W3C (fa22c5fe)]&amp#27;[39m Responding to client with driver.createSession() result: {"capabilities":{"webStorageEnabled":false,"locationContextEnabled":false,"browserName":"","platform":"MAC","javascriptEnabled":true,"databaseEnabled":false,"takesScreenshot":true,"networkConnectionEnabled":false,"platformName":"ios","app":"/Users/ramin.karimi/eclipse-workspace/IOS/src/main/java/resources/irdeto-Zeppelin.ipa","automationName":"XCuiTest","commandTimeouts":{"default":750000},"deviceName":"iPhone","launchTimeout":"500000","platformVersion":"14.0.1","simpleIsVisibleCheck":true,"udid":"00008030-001241C821F2402E","updatedWDABundleId":"com.irdetosecurity.keystone.clr.zeppelin.internal","xcodeOrgId":"XMS468WL7M","xcodeSigningId":"iPhone Developer"}}
&amp#27;[35m[HTTP]&amp#27;[39m &amp#27;[37m<-- POST /wd/hub/session &amp#27;[39m&amp#27;[32m200&amp#27;[39m &amp#27;[90m15854 ms - 727&amp#27;[39m
&amp#27;[35m[HTTP]&amp#27;[39m &amp#27;[90m&amp#27;[39m
&amp#27;[35m[HTTP]&amp#27;[39m &amp#27;[37m-->&amp#27;[39m &amp#27;[37mPOST&amp#27;[39m &amp#27;[37m/wd/hub/session/fa22c5fe-5ae1-4114-abfe-4bea6798cb79/timeouts&amp#27;[39m
&amp#27;[35m[HTTP]&amp#27;[39m &amp#27;[90m{"implicit":25000}&amp#27;[39m
[debug] &amp#27;[35m[W3C (fa22c5fe)]&amp#27;[39m Calling AppiumDriver.timeouts() with args: [null,null,null,null,25000,"fa22c5fe-5ae1-4114-abfe-4bea6798cb79"]
[debug] &amp#27;[35m[XCUITest]&amp#27;[39m Executing command 'timeouts'
[debug] &amp#27;[35m[BaseDriver]&amp#27;[39m W3C timeout argument: {"implicit":25000}}
[debug] &amp#27;[35m[BaseDriver]&amp#27;[39m Set implicit wait to 25000ms
[debug] &amp#27;[35m[W3C (fa22c5fe)]&amp#27;[39m Responding to client with driver.timeouts() result: null
&amp#27;[35m[HTTP]&amp#27;[39m &amp#27;[37m<-- POST /wd/hub/session/fa22c5fe-5ae1-4114-abfe-4bea6798cb79/timeouts &amp#27;[39m&amp#27;[32m200&amp#27;[39m &amp#27;[90m4 ms - 14&amp#27;[39m
&amp#27;[35m[HTTP]&amp#27;[39m &amp#27;[90m&amp#27;[39m
&amp#27;[35m[HTTP]&amp#27;[39m &amp#27;[37m-->&amp#27;[39m &amp#27;[37mPOST&amp#27;[39m &amp#27;[37m/wd/hub/session/fa22c5fe-5ae1-4114-abfe-4bea6798cb79/elements&amp#27;[39m
&amp#27;[35m[HTTP]&amp#27;[39m &amp#27;[90m{"using":"xpath","value":"//XCUIElementTypeAlert[contains(@name,'Allow')]"}&amp#27;[39m
[debug] &amp#27;[35m[W3C (fa22c5fe)]&amp#27;[39m Calling AppiumDriver.findElements() with args: ["xpath","//XCUIElementTypeAlert[contains(@name,'Allow')]","fa22c5fe-5ae1-4114-abfe-4bea6798cb79"]
[debug] &amp#27;[35m[XCUITest]&amp#27;[39m Executing command 'findElements'
[debug] &amp#27;[35m[BaseDriver]&amp#27;[39m Valid locator strategies for this request: xpath, id, name, class name, -ios predicate string, -ios class chain, accessibility id, css selector
[debug] &amp#27;[35m[BaseDriver]&amp#27;[39m Waiting up to 25000 ms for condition
[debug] &amp#27;[35m[XCUITest]&amp#27;[39m Setting custom timeout to 750000 ms for 'findElements' command
[debug] &amp#27;[35m[WD Proxy]&amp#27;[39m Matched '/elements' to command name 'findElements'
[debug] &amp#27;[35m[WD Proxy]&amp#27;[39m Proxying [POST /elements] to [POST http://127.0.0.1:8100/session/60DEF1F0-4A14-4727-943C-DB82535553CA/elements] with body: {"using":"xpath","value":"//XCUIElementTypeAlert[contains(@name,'Allow')]"}
[debug] &amp#27;[35m[WD Proxy]&amp#27;[39m Got response with status 200: {"value":[{"ELEMENT":"35010000-0000-0000-3C00-000000000000","element-6066-11e4-a52e-4f735466cecf":"35010000-0000-0000-3C00-000000000000"}],"sessionId":"60DEF1F0-4A14-4727-943C-DB82535553CA"}
[debug] &amp#27;[35m[W3C (fa22c5fe)]&amp#27;[39m Responding to client with driver.findElements() result: [{"element-6066-11e4-a52e-4f735466cecf":"35010000-0000-0000-3C00-000000000000","ELEMENT":"35010000-0000-0000-3C00-000000000000"}]
&amp#27;[35m[HTTP]&amp#27;[39m &amp#27;[37m<-- POST /wd/hub/session/fa22c5fe-5ae1-4114-abfe-4bea6798cb79/elements &amp#27;[39m&amp#27;[32m200&amp#27;[39m &amp#27;[90m1346 ms - 139&amp#27;[39m
&amp#27;[35m[HTTP]&amp#27;[39m &amp#27;[90m&amp#27;[39m
&amp#27;[35m[HTTP]&amp#27;[39m &amp#27;[37m-->&amp#27;[39m &amp#27;[37mPOST&amp#27;[39m &amp#27;[37m/wd/hub/session/fa22c5fe-5ae1-4114-abfe-4bea6798cb79/element&amp#27;[39m
&amp#27;[35m[HTTP]&amp#27;[39m &amp#27;[90m{"using":"xpath","value":"//XCUIElementTypeButton[@name='Allow While Using App']"}&amp#27;[39m
[debug] &amp#27;[35m[W3C (fa22c5fe)]&amp#27;[39m Calling AppiumDriver.findElement() with args: ["xpath","//XCUIElementTypeButton[@name='Allow While Using App']","fa22c5fe-5ae1-4114-abfe-4bea6798cb79"]
[debug] &amp#27;[35m[XCUITest]&amp#27;[39m Executing command 'findElement'
[debug] &amp#27;[35m[BaseDriver]&amp#27;[39m Valid locator strategies for this request: xpath, id, name, class name, -ios predicate string, -ios class chain, accessibility id, css selector
[debug] &amp#27;[35m[BaseDriver]&amp#27;[39m Waiting up to 25000 ms for condition
[debug] &amp#27;[35m[XCUITest]&amp#27;[39m Setting custom timeout to 750000 ms for 'findElement' command
[debug] &amp#27;[35m[WD Proxy]&amp#27;[39m Matched '/element' to command name 'findElement'
[debug] &amp#27;[35m[WD Proxy]&amp#27;[39m Proxying [POST /element] to [POST http://127.0.0.1:8100/session/60DEF1F0-4A14-4727-943C-DB82535553CA/element] with body: {"using":"xpath","value":"//XCUIElementTypeButton[@name='Allow While Using App']"}
[debug] &amp#27;[35m[WD Proxy]&amp#27;[39m Got response with status 200: {"value":{"ELEMENT":"64010000-0000-0000-3C00-000000000000","element-6066-11e4-a52e-4f735466cecf":"64010000-0000-0000-3C00-000000000000"},"sessionId":"60DEF1F0-4A14-4727-943C-DB82535553CA"}
[debug] &amp#27;[35m[W3C (fa22c5fe)]&amp#27;[39m Responding to client with driver.findElement() result: {"element-6066-11e4-a52e-4f735466cecf":"64010000-0000-0000-3C00-000000000000","ELEMENT":"64010000-0000-0000-3C00-000000000000"}
&amp#27;[35m[HTTP]&amp#27;[39m &amp#27;[37m<-- POST /wd/hub/session/fa22c5fe-5ae1-4114-abfe-4bea6798cb79/element &amp#27;[39m&amp#27;[32m200&amp#27;[39m &amp#27;[90m1350 ms - 137&amp#27;[39m
&amp#27;[35m[HTTP]&amp#27;[39m &amp#27;[90m&amp#27;[39m
&amp#27;[35m[HTTP]&amp#27;[39m &amp#27;[37m-->&amp#27;[39m &amp#27;[37mGET&amp#27;[39m &amp#27;[37m/wd/hub/session/fa22c5fe-5ae1-4114-abfe-4bea6798cb79/element/64010000-0000-0000-3C00-000000000000/text&amp#27;[39m
&amp#27;[35m[HTTP]&amp#27;[39m &amp#27;[90m{}&amp#27;[39m
&amp#27;[35m[W3C (fa22c5fe)]&amp#27;[39m Driver proxy active, passing request on via HTTP proxy
[debug] &amp#27;[35m[XCUITest]&amp#27;[39m Executing command 'proxyReqRes'
[debug] &amp#27;[35m[WD Proxy]&amp#27;[39m Matched '/wd/hub/session/fa22c5fe-5ae1-4114-abfe-4bea6798cb79/element/64010000-0000-0000-3C00-000000000000/text' to command name 'getText'
[debug] &amp#27;[35m[WD Proxy]&amp#27;[39m Proxying [GET /wd/hub/session/fa22c5fe-5ae1-4114-abfe-4bea6798cb79/element/64010000-0000-0000-3C00-000000000000/text] to [GET http://127.0.0.1:8100/session/60DEF1F0-4A14-4727-943C-DB82535553CA/element/64010000-0000-0000-3C00-000000000000/text] with no body
[debug] &amp#27;[35m[WD Proxy]&amp#27;[39m Got response with status 200: {"value":"Allow While Using App","sessionId":"60DEF1F0-4A14-4727-943C-DB82535553CA"}
&amp#27;[35m[WD Proxy]&amp#27;[39m Replacing sessionId 60DEF1F0-4A14-4727-943C-DB82535553CA with fa22c5fe-5ae1-4114-abfe-4bea6798cb79
&amp#27;[35m[HTTP]&amp#27;[39m &amp#27;[37m<-- GET /wd/hub/session/fa22c5fe-5ae1-4114-abfe-4bea6798cb79/element/64010000-0000-0000-3C00-000000000000/text &amp#27;[39m&amp#27;[32m200&amp#27;[39m &amp#27;[90m110 ms - 84&amp#27;[39m
&amp#27;[35m[HTTP]&amp#27;[39m &amp#27;[90m&amp#27;[39m
&amp#27;[35m[HTTP]&amp#27;[39m &amp#27;[37m-->&amp#27;[39m &amp#27;[37mPOST&amp#27;[39m &amp#27;[37m/wd/hub/session/fa22c5fe-5ae1-4114-abfe-4bea6798cb79/element&amp#27;[39m
&amp#27;[35m[HTTP]&amp#27;[39m &amp#27;[90m{"using":"accessibility id","value":"Allow While Using App"}&amp#27;[39m
[debug] &amp#27;[35m[W3C (fa22c5fe)]&amp#27;[39m Calling AppiumDriver.findElement() with args: ["accessibility id","Allow While Using App","fa22c5fe-5ae1-4114-abfe-4bea6798cb79"]
[debug] &amp#27;[35m[XCUITest]&amp#27;[39m Executing command 'findElement'
[debug] &amp#27;[35m[BaseDriver]&amp#27;[39m Valid locator strategies for this request: xpath, id, name, class name, -ios predicate string, -ios class chain, accessibility id, css selector
[debug] &amp#27;[35m[BaseDriver]&amp#27;[39m Waiting up to 25000 ms for condition
[debug] &amp#27;[35m[XCUITest]&amp#27;[39m Setting custom timeout to 750000 ms for 'findElement' command
[debug] &amp#27;[35m[WD Proxy]&amp#27;[39m Matched '/element' to command name 'findElement'
[debug] &amp#27;[35m[WD Proxy]&amp#27;[39m Proxying [POST /element] to [POST http://127.0.0.1:8100/session/60DEF1F0-4A14-4727-943C-DB82535553CA/element] with body: {"using":"accessibility id","value":"Allow While Using App"}
[debug] &amp#27;[35m[WD Proxy]&amp#27;[39m Got response with status 200: {"value":{"ELEMENT":"64010000-0000-0000-3C00-000000000000","element-6066-11e4-a52e-4f735466cecf":"64010000-0000-0000-3C00-000000000000"},"sessionId":"60DEF1F0-4A14-4727-943C-DB82535553CA"}
[debug] &amp#27;[35m[W3C (fa22c5fe)]&amp#27;[39m Responding to client with driver.findElement() result: {"element-6066-11e4-a52e-4f735466cecf":"64010000-0000-0000-3C00-000000000000","ELEMENT":"64010000-0000-0000-3C00-000000000000"}
&amp#27;[35m[HTTP]&amp#27;[39m &amp#27;[37m<-- POST /wd/hub/session/fa22c5fe-5ae1-4114-abfe-4bea6798cb79/element &amp#27;[39m&amp#27;[32m200&amp#27;[39m &amp#27;[90m256 ms - 137&amp#27;[39m
&amp#27;[35m[HTTP]&amp#27;[39m &amp#27;[90m&amp#27;[39m
&amp#27;[35m[HTTP]&amp#27;[39m &amp#27;[37m-->&amp#27;[39m &amp#27;[37mGET&amp#27;[39m &amp#27;[37m/wd/hub/session/fa22c5fe-5ae1-4114-abfe-4bea6798cb79/element/64010000-0000-0000-3C00-000000000000/location&amp#27;[39m
&amp#27;[35m[HTTP]&amp#27;[39m &amp#27;[90m{}&amp#27;[39m
[debug] &amp#27;[35m[W3C (fa22c5fe)]&amp#27;[39m Calling AppiumDriver.getLocation() with args: ["64010000-0000-0000-3C00-000000000000","fa22c5fe-5ae1-4114-abfe-4bea6798cb79"]
[debug] &amp#27;[35m[XCUITest]&amp#27;[39m Executing command 'getLocation'
[debug] &amp#27;[35m[XCUITest]&amp#27;[39m Setting custom timeout to 750000 ms for 'getElementRect' command
[debug] &amp#27;[35m[WD Proxy]&amp#27;[39m Matched '/element/64010000-0000-0000-3C00-000000000000/rect' to command name 'getElementRect'
[debug] &amp#27;[35m[WD Proxy]&amp#27;[39m Proxying [GET /element/64010000-0000-0000-3C00-000000000000/rect] to [GET http://127.0.0.1:8100/session/60DEF1F0-4A14-4727-943C-DB82535553CA/element/64010000-0000-0000-3C00-000000000000/rect] with no body
[debug] &amp#27;[35m[WD Proxy]&amp#27;[39m Got response with status 200: {"value":{"y":485,"x":52,"width":271,"height":44},"sessionId":"60DEF1F0-4A14-4727-943C-DB82535553CA"}
[debug] &amp#27;[35m[W3C (fa22c5fe)]&amp#27;[39m Responding to client with driver.getLocation() result: {"x":52,"y":485}
&amp#27;[35m[HTTP]&amp#27;[39m &amp#27;[37m<-- GET /wd/hub/session/fa22c5fe-5ae1-4114-abfe-4bea6798cb79/element/64010000-0000-0000-3C00-000000000000/location &amp#27;[39m&amp#27;[32m200&amp#27;[39m &amp#27;[90m139 ms - 26&amp#27;[39m
&amp#27;[35m[HTTP]&amp#27;[39m &amp#27;[90m&amp#27;[39m
&amp#27;[35m[HTTP]&amp#27;[39m &amp#27;[37m-->&amp#27;[39m &amp#27;[37mGET&amp#27;[39m &amp#27;[37m/wd/hub/session/fa22c5fe-5ae1-4114-abfe-4bea6798cb79/element/64010000-0000-0000-3C00-000000000000/location&amp#27;[39m
&amp#27;[35m[HTTP]&amp#27;[39m &amp#27;[90m{}&amp#27;[39m
[debug] &amp#27;[35m[W3C (fa22c5fe)]&amp#27;[39m Calling AppiumDriver.getLocation() with args: ["64010000-0000-0000-3C00-000000000000","fa22c5fe-5ae1-4114-abfe-4bea6798cb79"]
[debug] &amp#27;[35m[XCUITest]&amp#27;[39m Executing command 'getLocation'
[debug] &amp#27;[35m[XCUITest]&amp#27;[39m Setting custom timeout to 750000 ms for 'getElementRect' command
[debug] &amp#27;[35m[WD Proxy]&amp#27;[39m Matched '/element/64010000-0000-0000-3C00-000000000000/rect' to command name 'getElementRect'
[debug] &amp#27;[35m[WD Proxy]&amp#27;[39m Proxying [GET /element/64010000-0000-0000-3C00-000000000000/rect] to [GET http://127.0.0.1:8100/session/60DEF1F0-4A14-4727-943C-DB82535553CA/element/64010000-0000-0000-3C00-000000000000/rect] with no body
[debug] &amp#27;[35m[WD Proxy]&amp#27;[39m Got response with status 200: {"value":{"y":485,"x":52,"width":271,"height":44},"sessionId":"60DEF1F0-4A14-4727-943C-DB82535553CA"}
[debug] &amp#27;[35m[W3C (fa22c5fe)]&amp#27;[39m Responding to client with driver.getLocation() result: {"x":52,"y":485}
&amp#27;[35m[HTTP]&amp#27;[39m &amp#27;[37m<-- GET /wd/hub/session/fa22c5fe-5ae1-4114-abfe-4bea6798cb79/element/64010000-0000-0000-3C00-000000000000/location &amp#27;[39m&amp#27;[32m200&amp#27;[39m &amp#27;[90m132 ms - 26&amp#27;[39m
&amp#27;[35m[HTTP]&amp#27;[39m &amp#27;[90m&amp#27;[39m
&amp#27;[35m[HTTP]&amp#27;[39m &amp#27;[37m-->&amp#27;[39m &amp#27;[37mPOST&amp#27;[39m &amp#27;[37m/wd/hub/session/fa22c5fe-5ae1-4114-abfe-4bea6798cb79/touch/perform&amp#27;[39m
&amp#27;[35m[HTTP]&amp#27;[39m &amp#27;[90m{"actions":[{"action":"tap","options":{"x":122,"y":515}}]}&amp#27;[39m
[debug] &amp#27;[35m[W3C (fa22c5fe)]&amp#27;[39m Calling AppiumDriver.performTouch() with args: [[{"action":"tap","options":{"x":122,"y":515}}],"fa22c5fe-5ae1-4114-abfe-4bea6798cb79"]
[debug] &amp#27;[35m[XCUITest]&amp#27;[39m Executing command 'performTouch'
[debug] &amp#27;[35m[XCUITest]&amp#27;[39m Received the following touch action: tap(options={"x":122,"y":515})
[debug] &amp#27;[35m[XCUITest]&amp#27;[39m Setting custom timeout to 750000 ms for 'performTouch' command
[debug] &amp#27;[35m[WD Proxy]&amp#27;[39m Proxying [POST /wda/touch/perform] to [POST http://127.0.0.1:8100/session/60DEF1F0-4A14-4727-943C-DB82535553CA/wda/touch/perform] with body: {"actions":[{"action":"tap","options":{"x":122,"y":515}}]}
[debug] &amp#27;[35m[WD Proxy]&amp#27;[39m Got response with status 200: {"value":null,"sessionId":"60DEF1F0-4A14-4727-943C-DB82535553CA"}
[debug] &amp#27;[35m[W3C (fa22c5fe)]&amp#27;[39m Responding to client with driver.performTouch() result: null
&amp#27;[35m[HTTP]&amp#27;[39m &amp#27;[37m<-- POST /wd/hub/session/fa22c5fe-5ae1-4114-abfe-4bea6798cb79/touch/perform &amp#27;[39m&amp#27;[32m200&amp#27;[39m &amp#27;[90m735 ms - 14&amp#27;[39m
&amp#27;[35m[HTTP]&amp#27;[39m &amp#27;[90m&amp#27;[39m
&amp#27;[35m[HTTP]&amp#27;[39m &amp#27;[37m-->&amp#27;[39m &amp#27;[37mPOST&amp#27;[39m &amp#27;[37m/wd/hub/session/fa22c5fe-5ae1-4114-abfe-4bea6798cb79/element&amp#27;[39m
&amp#27;[35m[HTTP]&amp#27;[39m &amp#27;[90m{"using":"id","value":"Skip"}&amp#27;[39m
[debug] &amp#27;[35m[W3C (fa22c5fe)]&amp#27;[39m Calling AppiumDriver.findElement() with args: ["id","Skip","fa22c5fe-5ae1-4114-abfe-4bea6798cb79"]
[debug] &amp#27;[35m[XCUITest]&amp#27;[39m Executing command 'findElement'
[debug] &amp#27;[35m[BaseDriver]&amp#27;[39m Valid locator strategies for this request: xpath, id, name, class name, -ios predicate string, -ios class chain, accessibility id, css selector
[debug] &amp#27;[35m[BaseDriver]&amp#27;[39m Waiting up to 25000 ms for condition
[debug] &amp#27;[35m[XCUITest]&amp#27;[39m Setting custom timeout to 750000 ms for 'findElement' command
[debug] &amp#27;[35m[WD Proxy]&amp#27;[39m Matched '/element' to command name 'findElement'
[debug] &amp#27;[35m[WD Proxy]&amp#27;[39m Proxying [POST /element] to [POST http://127.0.0.1:8100/session/60DEF1F0-4A14-4727-943C-DB82535553CA/element] with body: {"using":"id","value":"Skip"}
[debug] &amp#27;[35m[WD Proxy]&amp#27;[39m Got response with status 200: {"value":{"ELEMENT":"14000000-0000-0000-5301-000000000000","element-6066-11e4-a52e-4f735466cecf":"14000000-0000-0000-5301-000000000000"},"sessionId":"60DEF1F0-4A14-4727-943C-DB82535553CA"}
[debug] &amp#27;[35m[W3C (fa22c5fe)]&amp#27;[39m Responding to client with driver.findElement() result: {"element-6066-11e4-a52e-4f735466cecf":"14000000-0000-0000-5301-000000000000","ELEMENT":"14000000-0000-0000-5301-000000000000"}
&amp#27;[35m[HTTP]&amp#27;[39m &amp#27;[37m<-- POST /wd/hub/session/fa22c5fe-5ae1-4114-abfe-4bea6798cb79/element &amp#27;[39m&amp#27;[32m200&amp#27;[39m &amp#27;[90m109 ms - 137&amp#27;[39m
&amp#27;[35m[HTTP]&amp#27;[39m &amp#27;[90m&amp#27;[39m
&amp#27;[35m[HTTP]&amp#27;[39m &amp#27;[37m-->&amp#27;[39m &amp#27;[37mPOST&amp#27;[39m &amp#27;[37m/wd/hub/session/fa22c5fe-5ae1-4114-abfe-4bea6798cb79/element/14000000-0000-0000-5301-000000000000/click&amp#27;[39m
&amp#27;[35m[HTTP]&amp#27;[39m &amp#27;[90m{"id":"14000000-0000-0000-5301-000000000000"}&amp#27;[39m
&amp#27;[35m[W3C (fa22c5fe)]&amp#27;[39m Driver proxy active, passing request on via HTTP proxy
[debug] &amp#27;[35m[XCUITest]&amp#27;[39m Executing command 'proxyReqRes'
[debug] &amp#27;[35m[WD Proxy]&amp#27;[39m Matched '/wd/hub/session/fa22c5fe-5ae1-4114-abfe-4bea6798cb79/element/14000000-0000-0000-5301-000000000000/click' to command name 'click'
[debug] &amp#27;[35m[WD Proxy]&amp#27;[39m Proxying [POST /wd/hub/session/fa22c5fe-5ae1-4114-abfe-4bea6798cb79/element/14000000-0000-0000-5301-000000000000/click] to [POST http://127.0.0.1:8100/session/60DEF1F0-4A14-4727-943C-DB82535553CA/element/14000000-0000-0000-5301-000000000000/click] with body: {"id":"14000000-0000-0000-5301-000000000000"}
[debug] &amp#27;[35m[WD Proxy]&amp#27;[39m Got response with status 200: {"value":null,"sessionId":"60DEF1F0-4A14-4727-943C-DB82535553CA"}
&amp#27;[35m[WD Proxy]&amp#27;[39m Replacing sessionId 60DEF1F0-4A14-4727-943C-DB82535553CA with fa22c5fe-5ae1-4114-abfe-4bea6798cb79
&amp#27;[35m[HTTP]&amp#27;[39m &amp#27;[37m<-- POST /wd/hub/session/fa22c5fe-5ae1-4114-abfe-4bea6798cb79/element/14000000-0000-0000-5301-000000000000/click &amp#27;[39m&amp#27;[32m200&amp#27;[39m &amp#27;[90m234 ms - 65&amp#27;[39m
&amp#27;[35m[HTTP]&amp#27;[39m &amp#27;[90m&amp#27;[39m
&amp#27;[35m[HTTP]&amp#27;[39m &amp#27;[37m-->&amp#27;[39m &amp#27;[37mPOST&amp#27;[39m &amp#27;[37m/wd/hub/session/fa22c5fe-5ae1-4114-abfe-4bea6798cb79/element&amp#27;[39m
&amp#27;[35m[HTTP]&amp#27;[39m &amp#27;[90m{"using":"xpath","value":"//XCUIElementTypeTextField[@value='Username']"}&amp#27;[39m
[debug] &amp#27;[35m[W3C (fa22c5fe)]&amp#27;[39m Calling AppiumDriver.findElement() with args: ["xpath","//XCUIElementTypeTextField[@value='Username']","fa22c5fe-5ae1-4114-abfe-4bea6798cb79"]
[debug] &amp#27;[35m[XCUITest]&amp#27;[39m Executing command 'findElement'
[debug] &amp#27;[35m[BaseDriver]&amp#27;[39m Valid locator strategies for this request: xpath, id, name, class name, -ios predicate string, -ios class chain, accessibility id, css selector
[debug] &amp#27;[35m[BaseDriver]&amp#27;[39m Waiting up to 25000 ms for condition
[debug] &amp#27;[35m[XCUITest]&amp#27;[39m Setting custom timeout to 750000 ms for 'findElement' command
[debug] &amp#27;[35m[WD Proxy]&amp#27;[39m Matched '/element' to command name 'findElement'
[debug] &amp#27;[35m[WD Proxy]&amp#27;[39m Proxying [POST /element] to [POST http://127.0.0.1:8100/session/60DEF1F0-4A14-4727-943C-DB82535553CA/element] with body: {"using":"xpath","value":"//XCUIElementTypeTextField[@value='Username']"}
[debug] &amp#27;[35m[WD Proxy]&amp#27;[39m Got response with status 200: {"value":{"ELEMENT":"26000000-0000-0000-5301-000000000000","element-6066-11e4-a52e-4f735466cecf":"26000000-0000-0000-5301-000000000000"},"sessionId":"60DEF1F0-4A14-4727-943C-DB82535553CA"}
[debug] &amp#27;[35m[W3C (fa22c5fe)]&amp#27;[39m Responding to client with driver.findElement() result: {"element-6066-11e4-a52e-4f735466cecf":"26000000-0000-0000-5301-000000000000","ELEMENT":"26000000-0000-0000-5301-000000000000"}
&amp#27;[35m[HTTP]&amp#27;[39m &amp#27;[37m<-- POST /wd/hub/session/fa22c5fe-5ae1-4114-abfe-4bea6798cb79/element &amp#27;[39m&amp#27;[32m200&amp#27;[39m &amp#27;[90m341 ms - 137&amp#27;[39m
&amp#27;[35m[HTTP]&amp#27;[39m &amp#27;[90m&amp#27;[39m
&amp#27;[35m[HTTP]&amp#27;[39m &amp#27;[37m-->&amp#27;[39m &amp#27;[37mPOST&amp#27;[39m &amp#27;[37m/wd/hub/session/fa22c5fe-5ae1-4114-abfe-4bea6798cb79/element/26000000-0000-0000-5301-000000000000/value&amp#27;[39m
&amp#27;[35m[HTTP]&amp#27;[39m &amp#27;[90m{"id":"26000000-0000-0000-5301-000000000000","text":"ramingop1","value":["r","a","m","i","n","g","o","p","1"]}&amp#27;[39m
[debug] &amp#27;[35m[W3C (fa22c5fe)]&amp#27;[39m Calling AppiumDriver.setValue() with args: [["r","a","m","i","n","g","o","p","1"],"26000000-0000-0000-5301-000000000000","fa22c5fe-5ae1-4114-abfe-4bea6798cb79"]
[debug] &amp#27;[35m[XCUITest]&amp#27;[39m Executing command 'setValue'
[debug] &amp#27;[35m[XCUITest]&amp#27;[39m Setting custom timeout to 750000 ms for 'setValue' command
[debug] &amp#27;[35m[WD Proxy]&amp#27;[39m Matched '/element/26000000-0000-0000-5301-000000000000/value' to command name 'setValue'
[debug] &amp#27;[35m[Protocol Converter]&amp#27;[39m Added 'text' property "ramingop1" to 'setValue' request body
[debug] &amp#27;[35m[WD Proxy]&amp#27;[39m Proxying [POST /element/26000000-0000-0000-5301-000000000000/value] to [POST http://127.0.0.1:8100/session/60DEF1F0-4A14-4727-943C-DB82535553CA/element/26000000-0000-0000-5301-000000000000/value] with body: {"value":["r","a","m","i","n","g","o","p","1"],"text":"ramingop1"}
[debug] &amp#27;[35m[WD Proxy]&amp#27;[39m Got response with status 200: {"value":null,"sessionId":"60DEF1F0-4A14-4727-943C-DB82535553CA"}
[debug] &amp#27;[35m[W3C (fa22c5fe)]&amp#27;[39m Responding to client with driver.setValue() result: null
&amp#27;[35m[HTTP]&amp#27;[39m &amp#27;[37m<-- POST /wd/hub/session/fa22c5fe-5ae1-4114-abfe-4bea6798cb79/element/26000000-0000-0000-5301-000000000000/value &amp#27;[39m&amp#27;[32m200&amp#27;[39m &amp#27;[90m681 ms - 14&amp#27;[39m
&amp#27;[35m[HTTP]&amp#27;[39m &amp#27;[90m&amp#27;[39m
&amp#27;[35m[HTTP]&amp#27;[39m &amp#27;[37m-->&amp#27;[39m &amp#27;[37mPOST&amp#27;[39m &amp#27;[37m/wd/hub/session/fa22c5fe-5ae1-4114-abfe-4bea6798cb79/element&amp#27;[39m
&amp#27;[35m[HTTP]&amp#27;[39m &amp#27;[90m{"using":"xpath","value":"//XCUIElementTypeSecureTextField[@value='Password']"}&amp#27;[39m
[debug] &amp#27;[35m[W3C (fa22c5fe)]&amp#27;[39m Calling AppiumDriver.findElement() with args: ["xpath","//XCUIElementTypeSecureTextField[@value='Password']","fa22c5fe-5ae1-4114-abfe-4bea6798cb79"]
[debug] &amp#27;[35m[XCUITest]&amp#27;[39m Executing command 'findElement'
[debug] &amp#27;[35m[BaseDriver]&amp#27;[39m Valid locator strategies for this request: xpath, id, name, class name, -ios predicate string, -ios class chain, accessibility id, css selector
[debug] &amp#27;[35m[BaseDriver]&amp#27;[39m Waiting up to 25000 ms for condition
[debug] &amp#27;[35m[XCUITest]&amp#27;[39m Setting custom timeout to 750000 ms for 'findElement' command
[debug] &amp#27;[35m[WD Proxy]&amp#27;[39m Matched '/element' to command name 'findElement'
[debug] &amp#27;[35m[WD Proxy]&amp#27;[39m Proxying [POST /element] to [POST http://127.0.0.1:8100/session/60DEF1F0-4A14-4727-943C-DB82535553CA/element] with body: {"using":"xpath","value":"//XCUIElementTypeSecureTextField[@value='Password']"}
[debug] &amp#27;[35m[WD Proxy]&amp#27;[39m Got response with status 200: {"value":{"ELEMENT":"27000000-0000-0000-5301-000000000000","element-6066-11e4-a52e-4f735466cecf":"27000000-0000-0000-5301-000000000000"},"sessionId":"60DEF1F0-4A14-4727-943C-DB82535553CA"}
[debug] &amp#27;[35m[W3C (fa22c5fe)]&amp#27;[39m Responding to client with driver.findElement() result: {"element-6066-11e4-a52e-4f735466cecf":"27000000-0000-0000-5301-000000000000","ELEMENT":"27000000-0000-0000-5301-000000000000"}
&amp#27;[35m[HTTP]&amp#27;[39m &amp#27;[37m<-- POST /wd/hub/session/fa22c5fe-5ae1-4114-abfe-4bea6798cb79/element &amp#27;[39m&amp#27;[32m200&amp#27;[39m &amp#27;[90m631 ms - 137&amp#27;[39m
&amp#27;[35m[HTTP]&amp#27;[39m &amp#27;[90m&amp#27;[39m
&amp#27;[35m[HTTP]&amp#27;[39m &amp#27;[37m-->&amp#27;[39m &amp#27;[37mPOST&amp#27;[39m &amp#27;[37m/wd/hub/session/fa22c5fe-5ae1-4114-abfe-4bea6798cb79/element/27000000-0000-0000-5301-000000000000/value&amp#27;[39m
&amp#27;[35m[HTTP]&amp#27;[39m &amp#27;[90m{"id":"27000000-0000-0000-5301-000000000000","text":"123456","value":["1","2","3","4","5","6"]}&amp#27;[39m
[debug] &amp#27;[35m[W3C (fa22c5fe)]&amp#27;[39m Calling AppiumDriver.setValue() with args: [["1","2","3","4","5","6"],"27000000-0000-0000-5301-000000000000","fa22c5fe-5ae1-4114-abfe-4bea6798cb79"]
[debug] &amp#27;[35m[XCUITest]&amp#27;[39m Executing command 'setValue'
[debug] &amp#27;[35m[XCUITest]&amp#27;[39m Setting custom timeout to 750000 ms for 'setValue' command
[debug] &amp#27;[35m[WD Proxy]&amp#27;[39m Matched '/element/27000000-0000-0000-5301-000000000000/value' to command name 'setValue'
[debug] &amp#27;[35m[Protocol Converter]&amp#27;[39m Added 'text' property "123456" to 'setValue' request body
[debug] &amp#27;[35m[WD Proxy]&amp#27;[39m Proxying [POST /element/27000000-0000-0000-5301-000000000000/value] to [POST http://127.0.0.1:8100/session/60DEF1F0-4A14-4727-943C-DB82535553CA/element/27000000-0000-0000-5301-000000000000/value] with body: {"value":["1","2","3","4","5","6"],"text":"123456"}
[debug] &amp#27;[35m[WD Proxy]&amp#27;[39m Got response with status 200: {"value":null,"sessionId":"60DEF1F0-4A14-4727-943C-DB82535553CA"}
[debug] &amp#27;[35m[W3C (fa22c5fe)]&amp#27;[39m Responding to client with driver.setValue() result: null
&amp#27;[35m[HTTP]&amp#27;[39m &amp#27;[37m<-- POST /wd/hub/session/fa22c5fe-5ae1-4114-abfe-4bea6798cb79/element/27000000-0000-0000-5301-000000000000/value &amp#27;[39m&amp#27;[32m200&amp#27;[39m &amp#27;[90m503 ms - 14&amp#27;[39m
&amp#27;[35m[HTTP]&amp#27;[39m &amp#27;[90m&amp#27;[39m
&amp#27;[35m[HTTP]&amp#27;[39m &amp#27;[37m-->&amp#27;[39m &amp#27;[37mPOST&amp#27;[39m &amp#27;[37m/wd/hub/session/fa22c5fe-5ae1-4114-abfe-4bea6798cb79/element&amp#27;[39m
&amp#27;[35m[HTTP]&amp#27;[39m &amp#27;[90m{"using":"id","value":"checkbox outline"}&amp#27;[39m
[debug] &amp#27;[35m[W3C (fa22c5fe)]&amp#27;[39m Calling AppiumDriver.findElement() with args: ["id","checkbox outline","fa22c5fe-5ae1-4114-abfe-4bea6798cb79"]
[debug] &amp#27;[35m[XCUITest]&amp#27;[39m Executing command 'findElement'
[debug] &amp#27;[35m[BaseDriver]&amp#27;[39m Valid locator strategies for this request: xpath, id, name, class name, -ios predicate string, -ios class chain, accessibility id, css selector
[debug] &amp#27;[35m[BaseDriver]&amp#27;[39m Waiting up to 25000 ms for condition
[debug] &amp#27;[35m[XCUITest]&amp#27;[39m Setting custom timeout to 750000 ms for 'findElement' command
[debug] &amp#27;[35m[WD Proxy]&amp#27;[39m Matched '/element' to command name 'findElement'
[debug] &amp#27;[35m[WD Proxy]&amp#27;[39m Proxying [POST /element] to [POST http://127.0.0.1:8100/session/60DEF1F0-4A14-4727-943C-DB82535553CA/element] with body: {"using":"id","value":"checkbox outline"}
[debug] &amp#27;[35m[WD Proxy]&amp#27;[39m Got response with status 200: {"value":{"ELEMENT":"29000000-0000-0000-5301-000000000000","element-6066-11e4-a52e-4f735466cecf":"29000000-0000-0000-5301-000000000000"},"sessionId":"60DEF1F0-4A14-4727-943C-DB82535553CA"}
[debug] &amp#27;[35m[W3C (fa22c5fe)]&amp#27;[39m Responding to client with driver.findElement() result: {"element-6066-11e4-a52e-4f735466cecf":"29000000-0000-0000-5301-000000000000","ELEMENT":"29000000-0000-0000-5301-000000000000"}
&amp#27;[35m[HTTP]&amp#27;[39m &amp#27;[37m<-- POST /wd/hub/session/fa22c5fe-5ae1-4114-abfe-4bea6798cb79/element &amp#27;[39m&amp#27;[32m200&amp#27;[39m &amp#27;[90m196 ms - 137&amp#27;[39m
&amp#27;[35m[HTTP]&amp#27;[39m &amp#27;[90m&amp#27;[39m
&amp#27;[35m[HTTP]&amp#27;[39m &amp#27;[37m-->&amp#27;[39m &amp#27;[37mPOST&amp#27;[39m &amp#27;[37m/wd/hub/session/fa22c5fe-5ae1-4114-abfe-4bea6798cb79/element/29000000-0000-0000-5301-000000000000/click&amp#27;[39m
&amp#27;[35m[HTTP]&amp#27;[39m &amp#27;[90m{"id":"29000000-0000-0000-5301-000000000000"}&amp#27;[39m
&amp#27;[35m[W3C (fa22c5fe)]&amp#27;[39m Driver proxy active, passing request on via HTTP proxy
[debug] &amp#27;[35m[XCUITest]&amp#27;[39m Executing command 'proxyReqRes'
[debug] &amp#27;[35m[WD Proxy]&amp#27;[39m Matched '/wd/hub/session/fa22c5fe-5ae1-4114-abfe-4bea6798cb79/element/29000000-0000-0000-5301-000000000000/click' to command name 'click'
[debug] &amp#27;[35m[WD Proxy]&amp#27;[39m Proxying [POST /wd/hub/session/fa22c5fe-5ae1-4114-abfe-4bea6798cb79/element/29000000-0000-0000-5301-000000000000/click] to [POST http://127.0.0.1:8100/session/60DEF1F0-4A14-4727-943C-DB82535553CA/element/29000000-0000-0000-5301-000000000000/click] with body: {"id":"29000000-0000-0000-5301-000000000000"}
[debug] &amp#27;[35m[WD Proxy]&amp#27;[39m Got response with status 200: {"value":null,"sessionId":"60DEF1F0-4A14-4727-943C-DB82535553CA"}
&amp#27;[35m[WD Proxy]&amp#27;[39m Replacing sessionId 60DEF1F0-4A14-4727-943C-DB82535553CA with fa22c5fe-5ae1-4114-abfe-4bea6798cb79
&amp#27;[35m[HTTP]&amp#27;[39m &amp#27;[37m<-- POST /wd/hub/session/fa22c5fe-5ae1-4114-abfe-4bea6798cb79/element/29000000-0000-0000-5301-000000000000/click &amp#27;[39m&amp#27;[32m200&amp#27;[39m &amp#27;[90m284 ms - 65&amp#27;[39m
&amp#27;[35m[HTTP]&amp#27;[39m &amp#27;[90m&amp#27;[39m
&amp#27;[35m[HTTP]&amp#27;[39m &amp#27;[37m-->&amp#27;[39m &amp#27;[37mPOST&amp#27;[39m &amp#27;[37m/wd/hub/session/fa22c5fe-5ae1-4114-abfe-4bea6798cb79/appium/device/hide_keyboard&amp#27;[39m
&amp#27;[35m[HTTP]&amp#27;[39m &amp#27;[90m{}&amp#27;[39m
[debug] &amp#27;[35m[W3C (fa22c5fe)]&amp#27;[39m Calling AppiumDriver.hideKeyboard() with args: [null,null,null,null,"fa22c5fe-5ae1-4114-abfe-4bea6798cb79"]
[debug] &amp#27;[35m[XCUITest]&amp#27;[39m Executing command 'hideKeyboard'
[debug] &amp#27;[35m[XCUITest]&amp#27;[39m Setting custom timeout to 750000 ms for 'hideKeyboard' command
[debug] &amp#27;[35m[WD Proxy]&amp#27;[39m Proxying [POST /wda/keyboard/dismiss] to [POST http://127.0.0.1:8100/session/60DEF1F0-4A14-4727-943C-DB82535553CA/wda/keyboard/dismiss] with body: {"keyNames":["done"]}
[debug] &amp#27;[35m[WD Proxy]&amp#27;[39m Got response with status 200: {"value":null,"sessionId":"60DEF1F0-4A14-4727-943C-DB82535553CA"}
[debug] &amp#27;[35m[W3C (fa22c5fe)]&amp#27;[39m Responding to client with driver.hideKeyboard() result: null
&amp#27;[35m[HTTP]&amp#27;[39m &amp#27;[37m<-- POST /wd/hub/session/fa22c5fe-5ae1-4114-abfe-4bea6798cb79/appium/device/hide_keyboard &amp#27;[39m&amp#27;[32m200&amp#27;[39m &amp#27;[90m1128 ms - 14&amp#27;[39m
&amp#27;[35m[HTTP]&amp#27;[39m &amp#27;[90m&amp#27;[39m
&amp#27;[35m[HTTP]&amp#27;[39m &amp#27;[37m-->&amp#27;[39m &amp#27;[37mPOST&amp#27;[39m &amp#27;[37m/wd/hub/session/fa22c5fe-5ae1-4114-abfe-4bea6798cb79/element&amp#27;[39m
&amp#27;[35m[HTTP]&amp#27;[39m &amp#27;[90m{"using":"xpath","value":"//XCUIElementTypeStaticText[@label='LOG IN']"}&amp#27;[39m
[debug] &amp#27;[35m[W3C (fa22c5fe)]&amp#27;[39m Calling AppiumDriver.findElement() with args: ["xpath","//XCUIElementTypeStaticText[@label='LOG IN']","fa22c5fe-5ae1-4114-abfe-4bea6798cb79"]
[debug] &amp#27;[35m[XCUITest]&amp#27;[39m Executing command 'findElement'
[debug] &amp#27;[35m[BaseDriver]&amp#27;[39m Valid locator strategies for this request: xpath, id, name, class name, -ios predicate string, -ios class chain, accessibility id, css selector
[debug] &amp#27;[35m[BaseDriver]&amp#27;[39m Waiting up to 25000 ms for condition
[debug] &amp#27;[35m[XCUITest]&amp#27;[39m Setting custom timeout to 750000 ms for 'findElement' command
[debug] &amp#27;[35m[WD Proxy]&amp#27;[39m Matched '/element' to command name 'findElement'
[debug] &amp#27;[35m[WD Proxy]&amp#27;[39m Proxying [POST /element] to [POST http://127.0.0.1:8100/session/60DEF1F0-4A14-4727-943C-DB82535553CA/element] with body: {"using":"xpath","value":"//XCUIElementTypeStaticText[@label='LOG IN']"}
[debug] &amp#27;[35m[WD Proxy]&amp#27;[39m Got response with status 200: {"value":{"ELEMENT":"2C000000-0000-0000-5301-000000000000","element-6066-11e4-a52e-4f735466cecf":"2C000000-0000-0000-5301-000000000000"},"sessionId":"60DEF1F0-4A14-4727-943C-DB82535553CA"}
[debug] &amp#27;[35m[W3C (fa22c5fe)]&amp#27;[39m Responding to client with driver.findElement() result: {"element-6066-11e4-a52e-4f735466cecf":"2C000000-0000-0000-5301-000000000000","ELEMENT":"2C000000-0000-0000-5301-000000000000"}
&amp#27;[35m[HTTP]&amp#27;[39m &amp#27;[37m<-- POST /wd/hub/session/fa22c5fe-5ae1-4114-abfe-4bea6798cb79/element &amp#27;[39m&amp#27;[32m200&amp#27;[39m &amp#27;[90m323 ms - 137&amp#27;[39m
&amp#27;[35m[HTTP]&amp#27;[39m &amp#27;[90m&amp#27;[39m
&amp#27;[35m[HTTP]&amp#27;[39m &amp#27;[37m-->&amp#27;[39m &amp#27;[37mPOST&amp#27;[39m &amp#27;[37m/wd/hub/session/fa22c5fe-5ae1-4114-abfe-4bea6798cb79/element/2C000000-0000-0000-5301-000000000000/click&amp#27;[39m
&amp#27;[35m[HTTP]&amp#27;[39m &amp#27;[90m{"id":"2C000000-0000-0000-5301-000000000000"}&amp#27;[39m
&amp#27;[35m[W3C (fa22c5fe)]&amp#27;[39m Driver proxy active, passing request on via HTTP proxy
[debug] &amp#27;[35m[XCUITest]&amp#27;[39m Executing command 'proxyReqRes'
[debug] &amp#27;[35m[WD Proxy]&amp#27;[39m Matched '/wd/hub/session/fa22c5fe-5ae1-4114-abfe-4bea6798cb79/element/2C000000-0000-0000-5301-000000000000/click' to command name 'click'
[debug] &amp#27;[35m[WD Proxy]&amp#27;[39m Proxying [POST /wd/hub/session/fa22c5fe-5ae1-4114-abfe-4bea6798cb79/element/2C000000-0000-0000-5301-000000000000/click] to [POST http://127.0.0.1:8100/session/60DEF1F0-4A14-4727-943C-DB82535553CA/element/2C000000-0000-0000-5301-000000000000/click] with body: {"id":"2C000000-0000-0000-5301-000000000000"}
[debug] &amp#27;[35m[WD Proxy]&amp#27;[39m Got response with status 200: {"value":null,"sessionId":"60DEF1F0-4A14-4727-943C-DB82535553CA"}
&amp#27;[35m[WD Proxy]&amp#27;[39m Replacing sessionId 60DEF1F0-4A14-4727-943C-DB82535553CA with fa22c5fe-5ae1-4114-abfe-4bea6798cb79
&amp#27;[35m[HTTP]&amp#27;[39m &amp#27;[37m<-- POST /wd/hub/session/fa22c5fe-5ae1-4114-abfe-4bea6798cb79/element/2C000000-0000-0000-5301-000000000000/click &amp#27;[39m&amp#27;[32m200&amp#27;[39m &amp#27;[90m135 ms - 65&amp#27;[39m
&amp#27;[35m[HTTP]&amp#27;[39m &amp#27;[90m&amp#27;[39m
&amp#27;[35m[HTTP]&amp#27;[39m &amp#27;[37m-->&amp#27;[39m &amp#27;[37mPOST&amp#27;[39m &amp#27;[37m/wd/hub/session/fa22c5fe-5ae1-4114-abfe-4bea6798cb79/element&amp#27;[39m
&amp#27;[35m[HTTP]&amp#27;[39m &amp#27;[90m{"using":"xpath","value":"//XCUIElementTypeKey[@label='1']"}&amp#27;[39m
[debug] &amp#27;[35m[W3C (fa22c5fe)]&amp#27;[39m Calling AppiumDriver.findElement() with args: ["xpath","//XCUIElementTypeKey[@label='1']","fa22c5fe-5ae1-4114-abfe-4bea6798cb79"]
[debug] &amp#27;[35m[XCUITest]&amp#27;[39m Executing command 'findElement'
[debug] &amp#27;[35m[BaseDriver]&amp#27;[39m Valid locator strategies for this request: xpath, id, name, class name, -ios predicate string, -ios class chain, accessibility id, css selector
[debug] &amp#27;[35m[BaseDriver]&amp#27;[39m Waiting up to 25000 ms for condition
[debug] &amp#27;[35m[XCUITest]&amp#27;[39m Setting custom timeout to 750000 ms for 'findElement' command
[debug] &amp#27;[35m[WD Proxy]&amp#27;[39m Matched '/element' to command name 'findElement'
[debug] &amp#27;[35m[WD Proxy]&amp#27;[39m Proxying [POST /element] to [POST http://127.0.0.1:8100/session/60DEF1F0-4A14-4727-943C-DB82535553CA/element] with body: {"using":"xpath","value":"//XCUIElementTypeKey[@label='1']"}
&amp#27;[35m[WD Proxy]&amp#27;[39m Got response with status 404: {"value":{"error":"no such element","message":"unable to find an element using 'xpath', value '//XCUIElementTypeKey[@label='1']'","traceback":"(\n\t0   WebDriverAgentLib                   0x0000000107fadc70 FBNoSuchElementErrorResponseForRequest + 288\n\t1   WebDriverAgentLib                   0x0000000107fada74 +[FBFindElementCommands handleFindElement:] + 336\n\t2   WebDriverAgentLib                   0x0000000107f77c70 -[FBRoute_TargetAction mountRequest:intoResponse:] + 180\n\t3   WebDriverAgentLib                   0x0000000107f64a8c __37-[FBWebServer registerRouteHandlers:]_block_invoke + 420\n\t4   WebDriverAgentLib                   0x0000000107f971e0 -[RoutingHTTPServer handleRoute:withRequest:response:] + 164\n\t5   WebDriverAgentLib                   0x0000000107f97c64 __72-[RoutingHTTPServer routeMethod:withPath:parameters:request:connection:]_block_invoke + 64\n\t6   libdispatch.dylib                   0x00000001a0c3cac8 8E662F82-B1E4-3E7E-A376-18E9755A8F51 + 15048\n\t7   libdispatch.dylib    ...
[debug] &amp#27;[35m[W3C]&amp#27;[39m Matched W3C error code 'no such element' to NoSuchElementError
[debug] &amp#27;[35m[BaseDriver]&amp#27;[39m Waited for 128 ms so far
[debug] &amp#27;[35m[XCUITest]&amp#27;[39m Setting custom timeout to 750000 ms for 'findElement' command
[debug] &amp#27;[35m[WD Proxy]&amp#27;[39m Matched '/element' to command name 'findElement'
[debug] &amp#27;[35m[WD Proxy]&amp#27;[39m Proxying [POST /element] to [POST http://127.0.0.1:8100/session/60DEF1F0-4A14-4727-943C-DB82535553CA/element] with body: {"using":"xpath","value":"//XCUIElementTypeKey[@label='1']"}
&amp#27;[35m[WD Proxy]&amp#27;[39m Got response with status 404: {"value":{"error":"no such element","message":"unable to find an element using 'xpath', value '//XCUIElementTypeKey[@label='1']'","traceback":"(\n\t0   WebDriverAgentLib                   0x0000000107fadc70 FBNoSuchElementErrorResponseForRequest + 288\n\t1   WebDriverAgentLib                   0x0000000107fada74 +[FBFindElementCommands handleFindElement:] + 336\n\t2   WebDriverAgentLib                   0x0000000107f77c70 -[FBRoute_TargetAction mountRequest:intoResponse:] + 180\n\t3   WebDriverAgentLib                   0x0000000107f64a8c __37-[FBWebServer registerRouteHandlers:]_block_invoke + 420\n\t4   WebDriverAgentLib                   0x0000000107f971e0 -[RoutingHTTPServer handleRoute:withRequest:response:] + 164\n\t5   WebDriverAgentLib                   0x0000000107f97c64 __72-[RoutingHTTPServer routeMethod:withPath:parameters:request:connection:]_block_invoke + 64\n\t6   libdispatch.dylib                   0x00000001a0c3cac8 8E662F82-B1E4-3E7E-A376-18E9755A8F51 + 15048\n\t7   libdispatch.dylib    ...
[debug] &amp#27;[35m[W3C]&amp#27;[39m Matched W3C error code 'no such element' to NoSuchElementError
[debug] &amp#27;[35m[BaseDriver]&amp#27;[39m Waited for 819 ms so far
[debug] &amp#27;[35m[XCUITest]&amp#27;[39m Setting custom timeout to 750000 ms for 'findElement' command
[debug] &amp#27;[35m[WD Proxy]&amp#27;[39m Matched '/element' to command name 'findElement'
[debug] &amp#27;[35m[WD Proxy]&amp#27;[39m Proxying [POST /element] to [POST http://127.0.0.1:8100/session/60DEF1F0-4A14-4727-943C-DB82535553CA/element] with body: {"using":"xpath","value":"//XCUIElementTypeKey[@label='1']"}
&amp#27;[35m[WD Proxy]&amp#27;[39m Got response with status 404: {"value":{"error":"no such element","message":"unable to find an element using 'xpath', value '//XCUIElementTypeKey[@label='1']'","traceback":"(\n\t0   WebDriverAgentLib                   0x0000000107fadc70 FBNoSuchElementErrorResponseForRequest + 288\n\t1   WebDriverAgentLib                   0x0000000107fada74 +[FBFindElementCommands handleFindElement:] + 336\n\t2   WebDriverAgentLib                   0x0000000107f77c70 -[FBRoute_TargetAction mountRequest:intoResponse:] + 180\n\t3   WebDriverAgentLib                   0x0000000107f64a8c __37-[FBWebServer registerRouteHandlers:]_block_invoke + 420\n\t4   WebDriverAgentLib                   0x0000000107f971e0 -[RoutingHTTPServer handleRoute:withRequest:response:] + 164\n\t5   WebDriverAgentLib                   0x0000000107f97c64 __72-[RoutingHTTPServer routeMethod:withPath:parameters:request:connection:]_block_invoke + 64\n\t6   libdispatch.dylib                   0x00000001a0c3cac8 8E662F82-B1E4-3E7E-A376-18E9755A8F51 + 15048\n\t7   libdispatch.dylib    ...
[debug] &amp#27;[35m[W3C]&amp#27;[39m Matched W3C error code 'no such element' to NoSuchElementError
[debug] &amp#27;[35m[BaseDriver]&amp#27;[39m Waited for 1511 ms so far
[debug] &amp#27;[35m[XCUITest]&amp#27;[39m Setting custom timeout to 750000 ms for 'findElement' command
[debug] &amp#27;[35m[WD Proxy]&amp#27;[39m Matched '/element' to command name 'findElement'
[debug] &amp#27;[35m[WD Proxy]&amp#27;[39m Proxying [POST /element] to [POST http://127.0.0.1:8100/session/60DEF1F0-4A14-4727-943C-DB82535553CA/element] with body: {"using":"xpath","value":"//XCUIElementTypeKey[@label='1']"}
&amp#27;[35m[WD Proxy]&amp#27;[39m Got response with status 404: {"value":{"error":"no such element","message":"unable to find an element using 'xpath', value '//XCUIElementTypeKey[@label='1']'","traceback":"(\n\t0   WebDriverAgentLib                   0x0000000107fadc70 FBNoSuchElementErrorResponseForRequest + 288\n\t1   WebDriverAgentLib                   0x0000000107fada74 +[FBFindElementCommands handleFindElement:] + 336\n\t2   WebDriverAgentLib                   0x0000000107f77c70 -[FBRoute_TargetAction mountRequest:intoResponse:] + 180\n\t3   WebDriverAgentLib                   0x0000000107f64a8c __37-[FBWebServer registerRouteHandlers:]_block_invoke + 420\n\t4   WebDriverAgentLib                   0x0000000107f971e0 -[RoutingHTTPServer handleRoute:withRequest:response:] + 164\n\t5   WebDriverAgentLib                   0x0000000107f97c64 __72-[RoutingHTTPServer routeMethod:withPath:parameters:request:connection:]_block_invoke + 64\n\t6   libdispatch.dylib                   0x00000001a0c3cac8 8E662F82-B1E4-3E7E-A376-18E9755A8F51 + 15048\n\t7   libdispatch.dylib    ...
[debug] &amp#27;[35m[W3C]&amp#27;[39m Matched W3C error code 'no such element' to NoSuchElementError
[debug] &amp#27;[35m[BaseDriver]&amp#27;[39m Waited for 2229 ms so far
[debug] &amp#27;[35m[XCUITest]&amp#27;[39m Setting custom timeout to 750000 ms for 'findElement' command
[debug] &amp#27;[35m[WD Proxy]&amp#27;[39m Matched '/element' to command name 'findElement'
[debug] &amp#27;[35m[WD Proxy]&amp#27;[39m Proxying [POST /element] to [POST http://127.0.0.1:8100/session/60DEF1F0-4A14-4727-943C-DB82535553CA/element] with body: {"using":"xpath","value":"//XCUIElementTypeKey[@label='1']"}
&amp#27;[35m[WD Proxy]&amp#27;[39m Got response with status 404: {"value":{"error":"no such element","message":"unable to find an element using 'xpath', value '//XCUIElementTypeKey[@label='1']'","traceback":"(\n\t0   WebDriverAgentLib                   0x0000000107fadc70 FBNoSuchElementErrorResponseForRequest + 288\n\t1   WebDriverAgentLib                   0x0000000107fada74 +[FBFindElementCommands handleFindElement:] + 336\n\t2   WebDriverAgentLib                   0x0000000107f77c70 -[FBRoute_TargetAction mountRequest:intoResponse:] + 180\n\t3   WebDriverAgentLib                   0x0000000107f64a8c __37-[FBWebServer registerRouteHandlers:]_block_invoke + 420\n\t4   WebDriverAgentLib                   0x0000000107f971e0 -[RoutingHTTPServer handleRoute:withRequest:response:] + 164\n\t5   WebDriverAgentLib                   0x0000000107f97c64 __72-[RoutingHTTPServer routeMethod:withPath:parameters:request:connection:]_block_invoke + 64\n\t6   libdispatch.dylib                   0x00000001a0c3cac8 8E662F82-B1E4-3E7E-A376-18E9755A8F51 + 15048\n\t7   libdispatch.dylib    ...
[debug] &amp#27;[35m[W3C]&amp#27;[39m Matched W3C error code 'no such element' to NoSuchElementError
[debug] &amp#27;[35m[BaseDriver]&amp#27;[39m Waited for 2914 ms so far
[debug] &amp#27;[35m[XCUITest]&amp#27;[39m Setting custom timeout to 750000 ms for 'findElement' command
[debug] &amp#27;[35m[WD Proxy]&amp#27;[39m Matched '/element' to command name 'findElement'
[debug] &amp#27;[35m[WD Proxy]&amp#27;[39m Proxying [POST /element] to [POST http://127.0.0.1:8100/session/60DEF1F0-4A14-4727-943C-DB82535553CA/element] with body: {"using":"xpath","value":"//XCUIElementTypeKey[@label='1']"}
&amp#27;[35m[WD Proxy]&amp#27;[39m Got response with status 404: {"value":{"error":"no such element","message":"unable to find an element using 'xpath', value '//XCUIElementTypeKey[@label='1']'","traceback":"(\n\t0   WebDriverAgentLib                   0x0000000107fadc70 FBNoSuchElementErrorResponseForRequest + 288\n\t1   WebDriverAgentLib                   0x0000000107fada74 +[FBFindElementCommands handleFindElement:] + 336\n\t2   WebDriverAgentLib                   0x0000000107f77c70 -[FBRoute_TargetAction mountRequest:intoResponse:] + 180\n\t3   WebDriverAgentLib                   0x0000000107f64a8c __37-[FBWebServer registerRouteHandlers:]_block_invoke + 420\n\t4   WebDriverAgentLib                   0x0000000107f971e0 -[RoutingHTTPServer handleRoute:withRequest:response:] + 164\n\t5   WebDriverAgentLib                   0x0000000107f97c64 __72-[RoutingHTTPServer routeMethod:withPath:parameters:request:connection:]_block_invoke + 64\n\t6   libdispatch.dylib                   0x00000001a0c3cac8 8E662F82-B1E4-3E7E-A376-18E9755A8F51 + 15048\n\t7   libdispatch.dylib    ...
[debug] &amp#27;[35m[W3C]&amp#27;[39m Matched W3C error code 'no such element' to NoSuchElementError
[debug] &amp#27;[35m[BaseDriver]&amp#27;[39m Waited for 3585 ms so far
[debug] &amp#27;[35m[XCUITest]&amp#27;[39m Setting custom timeout to 750000 ms for 'findElement' command
[debug] &amp#27;[35m[WD Proxy]&amp#27;[39m Matched '/element' to command name 'findElement'
[debug] &amp#27;[35m[WD Proxy]&amp#27;[39m Proxying [POST /element] to [POST http://127.0.0.1:8100/session/60DEF1F0-4A14-4727-943C-DB82535553CA/element] with body: {"using":"xpath","value":"//XCUIElementTypeKey[@label='1']"}
&amp#27;[35m[WD Proxy]&amp#27;[39m Got response with status 404: {"value":{"error":"no such element","message":"unable to find an element using 'xpath', value '//XCUIElementTypeKey[@label='1']'","traceback":"(\n\t0   WebDriverAgentLib                   0x0000000107fadc70 FBNoSuchElementErrorResponseForRequest + 288\n\t1   WebDriverAgentLib                   0x0000000107fada74 +[FBFindElementCommands handleFindElement:] + 336\n\t2   WebDriverAgentLib                   0x0000000107f77c70 -[FBRoute_TargetAction mountRequest:intoResponse:] + 180\n\t3   WebDriverAgentLib                   0x0000000107f64a8c __37-[FBWebServer registerRouteHandlers:]_block_invoke + 420\n\t4   WebDriverAgentLib                   0x0000000107f971e0 -[RoutingHTTPServer handleRoute:withRequest:response:] + 164\n\t5   WebDriverAgentLib                   0x0000000107f97c64 __72-[RoutingHTTPServer routeMethod:withPath:parameters:request:connection:]_block_invoke + 64\n\t6   libdispatch.dylib                   0x00000001a0c3cac8 8E662F82-B1E4-3E7E-A376-18E9755A8F51 + 15048\n\t7   libdispatch.dylib    ...
[debug] &amp#27;[35m[W3C]&amp#27;[39m Matched W3C error code 'no such element' to NoSuchElementError
[debug] &amp#27;[35m[BaseDriver]&amp#27;[39m Waited for 4264 ms so far
[debug] &amp#27;[35m[XCUITest]&amp#27;[39m Setting custom timeout to 750000 ms for 'findElement' command
[debug] &amp#27;[35m[WD Proxy]&amp#27;[39m Matched '/element' to command name 'findElement'
[debug] &amp#27;[35m[WD Proxy]&amp#27;[39m Proxying [POST /element] to [POST http://127.0.0.1:8100/session/60DEF1F0-4A14-4727-943C-DB82535553CA/element] with body: {"using":"xpath","value":"//XCUIElementTypeKey[@label='1']"}
&amp#27;[35m[WD Proxy]&amp#27;[39m Got response with status 404: {"value":{"error":"no such element","message":"unable to find an element using 'xpath', value '//XCUIElementTypeKey[@label='1']'","traceback":"(\n\t0   WebDriverAgentLib                   0x0000000107fadc70 FBNoSuchElementErrorResponseForRequest + 288\n\t1   WebDriverAgentLib                   0x0000000107fada74 +[FBFindElementCommands handleFindElement:] + 336\n\t2   WebDriverAgentLib                   0x0000000107f77c70 -[FBRoute_TargetAction mountRequest:intoResponse:] + 180\n\t3   WebDriverAgentLib                   0x0000000107f64a8c __37-[FBWebServer registerRouteHandlers:]_block_invoke + 420\n\t4   WebDriverAgentLib                   0x0000000107f971e0 -[RoutingHTTPServer handleRoute:withRequest:response:] + 164\n\t5   WebDriverAgentLib                   0x0000000107f97c64 __72-[RoutingHTTPServer routeMethod:withPath:parameters:request:connection:]_block_invoke + 64\n\t6   libdispatch.dylib                   0x00000001a0c3cac8 8E662F82-B1E4-3E7E-A376-18E9755A8F51 + 15048\n\t7   libdispatch.dylib    ...
[debug] &amp#27;[35m[W3C]&amp#27;[39m Matched W3C error code 'no such element' to NoSuchElementError
[debug] &amp#27;[35m[BaseDriver]&amp#27;[39m Waited for 4953 ms so far
[debug] &amp#27;[35m[XCUITest]&amp#27;[39m Setting custom timeout to 750000 ms for 'findElement' command
[debug] &amp#27;[35m[WD Proxy]&amp#27;[39m Matched '/element' to command name 'findElement'
[debug] &amp#27;[35m[WD Proxy]&amp#27;[39m Proxying [POST /element] to [POST http://127.0.0.1:8100/session/60DEF1F0-4A14-4727-943C-DB82535553CA/element] with body: {"using":"xpath","value":"//XCUIElementTypeKey[@label='1']"}
&amp#27;[35m[WD Proxy]&amp#27;[39m Got response with status 404: {"value":{"error":"no such element","message":"unable to find an element using 'xpath', value '//XCUIElementTypeKey[@label='1']'","traceback":"(\n\t0   WebDriverAgentLib                   0x0000000107fadc70 FBNoSuchElementErrorResponseForRequest + 288\n\t1   WebDriverAgentLib                   0x0000000107fada74 +[FBFindElementCommands handleFindElement:] + 336\n\t2   WebDriverAgentLib                   0x0000000107f77c70 -[FBRoute_TargetAction mountRequest:intoResponse:] + 180\n\t3   WebDriverAgentLib                   0x0000000107f64a8c __37-[FBWebServer registerRouteHandlers:]_block_invoke + 420\n\t4   WebDriverAgentLib                   0x0000000107f971e0 -[RoutingHTTPServer handleRoute:withRequest:response:] + 164\n\t5   WebDriverAgentLib                   0x0000000107f97c64 __72-[RoutingHTTPServer routeMethod:withPath:parameters:request:connection:]_block_invoke + 64\n\t6   libdispatch.dylib                   0x00000001a0c3cac8 8E662F82-B1E4-3E7E-A376-18E9755A8F51 + 15048\n\t7   libdispatch.dylib    ...
[debug] &amp#27;[35m[W3C]&amp#27;[39m Matched W3C error code 'no such element' to NoSuchElementError
[debug] &amp#27;[35m[BaseDriver]&amp#27;[39m Waited for 5579 ms so far
[debug] &amp#27;[35m[XCUITest]&amp#27;[39m Setting custom timeout to 750000 ms for 'findElement' command
[debug] &amp#27;[35m[WD Proxy]&amp#27;[39m Matched '/element' to command name 'findElement'
[debug] &amp#27;[35m[WD Proxy]&amp#27;[39m Proxying [POST /element] to [POST http://127.0.0.1:8100/session/60DEF1F0-4A14-4727-943C-DB82535553CA/element] with body: {"using":"xpath","value":"//XCUIElementTypeKey[@label='1']"}
&amp#27;[35m[WD Proxy]&amp#27;[39m Got response with status 404: {"value":{"error":"no such element","message":"unable to find an element using 'xpath', value '//XCUIElementTypeKey[@label='1']'","traceback":"(\n\t0   WebDriverAgentLib                   0x0000000107fadc70 FBNoSuchElementErrorResponseForRequest + 288\n\t1   WebDriverAgentLib                   0x0000000107fada74 +[FBFindElementCommands handleFindElement:] + 336\n\t2   WebDriverAgentLib                   0x0000000107f77c70 -[FBRoute_TargetAction mountRequest:intoResponse:] + 180\n\t3   WebDriverAgentLib                   0x0000000107f64a8c __37-[FBWebServer registerRouteHandlers:]_block_invoke + 420\n\t4   WebDriverAgentLib                   0x0000000107f971e0 -[RoutingHTTPServer handleRoute:withRequest:response:] + 164\n\t5   WebDriverAgentLib                   0x0000000107f97c64 __72-[RoutingHTTPServer routeMethod:withPath:parameters:request:connection:]_block_invoke + 64\n\t6   libdispatch.dylib                   0x00000001a0c3cac8 8E662F82-B1E4-3E7E-A376-18E9755A8F51 + 15048\n\t7   libdispatch.dylib    ...
[debug] &amp#27;[35m[W3C]&amp#27;[39m Matched W3C error code 'no such element' to NoSuchElementError
[debug] &amp#27;[35m[BaseDriver]&amp#27;[39m Waited for 6310 ms so far
[debug] &amp#27;[35m[XCUITest]&amp#27;[39m Setting custom timeout to 750000 ms for 'findElement' command
[debug] &amp#27;[35m[WD Proxy]&amp#27;[39m Matched '/element' to command name 'findElement'
[debug] &amp#27;[35m[WD Proxy]&amp#27;[39m Proxying [POST /element] to [POST http://127.0.0.1:8100/session/60DEF1F0-4A14-4727-943C-DB82535553CA/element] with body: {"using":"xpath","value":"//XCUIElementTypeKey[@label='1']"}
[debug] &amp#27;[35m[WD Proxy]&amp#27;[39m Got response with status 200: {"value":{"ELEMENT":"C2000000-0000-0000-5301-000000000000","element-6066-11e4-a52e-4f735466cecf":"C2000000-0000-0000-5301-000000000000"},"sessionId":"60DEF1F0-4A14-4727-943C-DB82535553CA"}
[debug] &amp#27;[35m[W3C (fa22c5fe)]&amp#27;[39m Responding to client with driver.findElement() result: {"element-6066-11e4-a52e-4f735466cecf":"C2000000-0000-0000-5301-000000000000","ELEMENT":"C2000000-0000-0000-5301-000000000000"}
&amp#27;[35m[HTTP]&amp#27;[39m &amp#27;[37m<-- POST /wd/hub/session/fa22c5fe-5ae1-4114-abfe-4bea6798cb79/element &amp#27;[39m&amp#27;[32m200&amp#27;[39m &amp#27;[90m7101 ms - 137&amp#27;[39m
&amp#27;[35m[HTTP]&amp#27;[39m &amp#27;[90m&amp#27;[39m
&amp#27;[35m[HTTP]&amp#27;[39m &amp#27;[37m-->&amp#27;[39m &amp#27;[37mPOST&amp#27;[39m &amp#27;[37m/wd/hub/session/fa22c5fe-5ae1-4114-abfe-4bea6798cb79/element/C2000000-0000-0000-5301-000000000000/click&amp#27;[39m
&amp#27;[35m[HTTP]&amp#27;[39m &amp#27;[90m{"id":"C2000000-0000-0000-5301-000000000000"}&amp#27;[39m
&amp#27;[35m[W3C (fa22c5fe)]&amp#27;[39m Driver proxy active, passing request on via HTTP proxy
[debug] &amp#27;[35m[XCUITest]&amp#27;[39m Executing command 'proxyReqRes'
[debug] &amp#27;[35m[WD Proxy]&amp#27;[39m Matched '/wd/hub/session/fa22c5fe-5ae1-4114-abfe-4bea6798cb79/element/C2000000-0000-0000-5301-000000000000/click' to command name 'click'
[debug] &amp#27;[35m[WD Proxy]&amp#27;[39m Proxying [POST /wd/hub/session/fa22c5fe-5ae1-4114-abfe-4bea6798cb79/element/C2000000-0000-0000-5301-000000000000/click] to [POST http://127.0.0.1:8100/session/60DEF1F0-4A14-4727-943C-DB82535553CA/element/C2000000-0000-0000-5301-000000000000/click] with body: {"id":"C2000000-0000-0000-5301-000000000000"}
[debug] &amp#27;[35m[WD Proxy]&amp#27;[39m Got response with status 200: {"value":null,"sessionId":"60DEF1F0-4A14-4727-943C-DB82535553CA"}
&amp#27;[35m[WD Proxy]&amp#27;[39m Replacing sessionId 60DEF1F0-4A14-4727-943C-DB82535553CA with fa22c5fe-5ae1-4114-abfe-4bea6798cb79
&amp#27;[35m[HTTP]&amp#27;[39m &amp#27;[37m<-- POST /wd/hub/session/fa22c5fe-5ae1-4114-abfe-4bea6798cb79/element/C2000000-0000-0000-5301-000000000000/click &amp#27;[39m&amp#27;[32m200&amp#27;[39m &amp#27;[90m197 ms - 65&amp#27;[39m
&amp#27;[35m[HTTP]&amp#27;[39m &amp#27;[90m&amp#27;[39m
&amp#27;[35m[HTTP]&amp#27;[39m &amp#27;[37m-->&amp#27;[39m &amp#27;[37mPOST&amp#27;[39m &amp#27;[37m/wd/hub/session/fa22c5fe-5ae1-4114-abfe-4bea6798cb79/element&amp#27;[39m
&amp#27;[35m[HTTP]&amp#27;[39m &amp#27;[90m{"using":"xpath","value":"//XCUIElementTypeKey[@label='2']"}&amp#27;[39m
[debug] &amp#27;[35m[W3C (fa22c5fe)]&amp#27;[39m Calling AppiumDriver.findElement() with args: ["xpath","//XCUIElementTypeKey[@label='2']","fa22c5fe-5ae1-4114-abfe-4bea6798cb79"]
[debug] &amp#27;[35m[XCUITest]&amp#27;[39m Executing command 'findElement'
[debug] &amp#27;[35m[BaseDriver]&amp#27;[39m Valid locator strategies for this request: xpath, id, name, class name, -ios predicate string, -ios class chain, accessibility id, css selector
[debug] &amp#27;[35m[BaseDriver]&amp#27;[39m Waiting up to 25000 ms for condition
[debug] &amp#27;[35m[XCUITest]&amp#27;[39m Setting custom timeout to 750000 ms for 'findElement' command
[debug] &amp#27;[35m[WD Proxy]&amp#27;[39m Matched '/element' to command name 'findElement'
[debug] &amp#27;[35m[WD Proxy]&amp#27;[39m Proxying [POST /element] to [POST http://127.0.0.1:8100/session/60DEF1F0-4A14-4727-943C-DB82535553CA/element] with body: {"using":"xpath","value":"//XCUIElementTypeKey[@label='2']"}
[debug] &amp#27;[35m[WD Proxy]&amp#27;[39m Got response with status 200: {"value":{"ELEMENT":"C1000000-0000-0000-5301-000000000000","element-6066-11e4-a52e-4f735466cecf":"C1000000-0000-0000-5301-000000000000"},"sessionId":"60DEF1F0-4A14-4727-943C-DB82535553CA"}
[debug] &amp#27;[35m[W3C (fa22c5fe)]&amp#27;[39m Responding to client with driver.findElement() result: {"element-6066-11e4-a52e-4f735466cecf":"C1000000-0000-0000-5301-000000000000","ELEMENT":"C1000000-0000-0000-5301-000000000000"}
&amp#27;[35m[HTTP]&amp#27;[39m &amp#27;[37m<-- POST /wd/hub/session/fa22c5fe-5ae1-4114-abfe-4bea6798cb79/element &amp#27;[39m&amp#27;[32m200&amp#27;[39m &amp#27;[90m320 ms - 137&amp#27;[39m
&amp#27;[35m[HTTP]&amp#27;[39m &amp#27;[90m&amp#27;[39m
&amp#27;[35m[HTTP]&amp#27;[39m &amp#27;[37m-->&amp#27;[39m &amp#27;[37mPOST&amp#27;[39m &amp#27;[37m/wd/hub/session/fa22c5fe-5ae1-4114-abfe-4bea6798cb79/element/C1000000-0000-0000-5301-000000000000/click&amp#27;[39m
&amp#27;[35m[HTTP]&amp#27;[39m &amp#27;[90m{"id":"C1000000-0000-0000-5301-000000000000"}&amp#27;[39m
&amp#27;[35m[W3C (fa22c5fe)]&amp#27;[39m Driver proxy active, passing request on via HTTP proxy
[debug] &amp#27;[35m[XCUITest]&amp#27;[39m Executing command 'proxyReqRes'
[debug] &amp#27;[35m[WD Proxy]&amp#27;[39m Matched '/wd/hub/session/fa22c5fe-5ae1-4114-abfe-4bea6798cb79/element/C1000000-0000-0000-5301-000000000000/click' to command name 'click'
[debug] &amp#27;[35m[WD Proxy]&amp#27;[39m Proxying [POST /wd/hub/session/fa22c5fe-5ae1-4114-abfe-4bea6798cb79/element/C1000000-0000-0000-5301-000000000000/click] to [POST http://127.0.0.1:8100/session/60DEF1F0-4A14-4727-943C-DB82535553CA/element/C1000000-0000-0000-5301-000000000000/click] with body: {"id":"C1000000-0000-0000-5301-000000000000"}
[debug] &amp#27;[35m[WD Proxy]&amp#27;[39m Got response with status 200: {"value":null,"sessionId":"60DEF1F0-4A14-4727-943C-DB82535553CA"}
&amp#27;[35m[WD Proxy]&amp#27;[39m Replacing sessionId 60DEF1F0-4A14-4727-943C-DB82535553CA with fa22c5fe-5ae1-4114-abfe-4bea6798cb79
&amp#27;[35m[HTTP]&amp#27;[39m &amp#27;[37m<-- POST /wd/hub/session/fa22c5fe-5ae1-4114-abfe-4bea6798cb79/element/C1000000-0000-0000-5301-000000000000/click &amp#27;[39m&amp#27;[32m200&amp#27;[39m &amp#27;[90m234 ms - 65&amp#27;[39m
&amp#27;[35m[HTTP]&amp#27;[39m &amp#27;[90m&amp#27;[39m
&amp#27;[35m[HTTP]&amp#27;[39m &amp#27;[37m-->&amp#27;[39m &amp#27;[37mPOST&amp#27;[39m &amp#27;[37m/wd/hub/session/fa22c5fe-5ae1-4114-abfe-4bea6798cb79/element&amp#27;[39m
&amp#27;[35m[HTTP]&amp#27;[39m &amp#27;[90m{"using":"xpath","value":"//XCUIElementTypeKey[@label='3']"}&amp#27;[39m
[debug] &amp#27;[35m[W3C (fa22c5fe)]&amp#27;[39m Calling AppiumDriver.findElement() with args: ["xpath","//XCUIElementTypeKey[@label='3']","fa22c5fe-5ae1-4114-abfe-4bea6798cb79"]
[debug] &amp#27;[35m[XCUITest]&amp#27;[39m Executing command 'findElement'
[debug] &amp#27;[35m[BaseDriver]&amp#27;[39m Valid locator strategies for this request: xpath, id, name, class name, -ios predicate string, -ios class chain, accessibility id, css selector
[debug] &amp#27;[35m[BaseDriver]&amp#27;[39m Waiting up to 25000 ms for condition
[debug] &amp#27;[35m[XCUITest]&amp#27;[39m Setting custom timeout to 750000 ms for 'findElement' command
[debug] &amp#27;[35m[WD Proxy]&amp#27;[39m Matched '/element' to command name 'findElement'
[debug] &amp#27;[35m[WD Proxy]&amp#27;[39m Proxying [POST /element] to [POST http://127.0.0.1:8100/session/60DEF1F0-4A14-4727-943C-DB82535553CA/element] with body: {"using":"xpath","value":"//XCUIElementTypeKey[@label='3']"}
[debug] &amp#27;[35m[WD Proxy]&amp#27;[39m Got response with status 200: {"value":{"ELEMENT":"C0000000-0000-0000-5301-000000000000","element-6066-11e4-a52e-4f735466cecf":"C0000000-0000-0000-5301-000000000000"},"sessionId":"60DEF1F0-4A14-4727-943C-DB82535553CA"}
[debug] &amp#27;[35m[W3C (fa22c5fe)]&amp#27;[39m Responding to client with driver.findElement() result: {"element-6066-11e4-a52e-4f735466cecf":"C0000000-0000-0000-5301-000000000000","ELEMENT":"C0000000-0000-0000-5301-000000000000"}
&amp#27;[35m[HTTP]&amp#27;[39m &amp#27;[37m<-- POST /wd/hub/session/fa22c5fe-5ae1-4114-abfe-4bea6798cb79/element &amp#27;[39m&amp#27;[32m200&amp#27;[39m &amp#27;[90m336 ms - 137&amp#27;[39m
&amp#27;[35m[HTTP]&amp#27;[39m &amp#27;[90m&amp#27;[39m
&amp#27;[35m[HTTP]&amp#27;[39m &amp#27;[37m-->&amp#27;[39m &amp#27;[37mPOST&amp#27;[39m &amp#27;[37m/wd/hub/session/fa22c5fe-5ae1-4114-abfe-4bea6798cb79/element/C0000000-0000-0000-5301-000000000000/click&amp#27;[39m
&amp#27;[35m[HTTP]&amp#27;[39m &amp#27;[90m{"id":"C0000000-0000-0000-5301-000000000000"}&amp#27;[39m
&amp#27;[35m[W3C (fa22c5fe)]&amp#27;[39m Driver proxy active, passing request on via HTTP proxy
[debug] &amp#27;[35m[XCUITest]&amp#27;[39m Executing command 'proxyReqRes'
[debug] &amp#27;[35m[WD Proxy]&amp#27;[39m Matched '/wd/hub/session/fa22c5fe-5ae1-4114-abfe-4bea6798cb79/element/C0000000-0000-0000-5301-000000000000/click' to command name 'click'
[debug] &amp#27;[35m[WD Proxy]&amp#27;[39m Proxying [POST /wd/hub/session/fa22c5fe-5ae1-4114-abfe-4bea6798cb79/element/C0000000-0000-0000-5301-000000000000/click] to [POST http://127.0.0.1:8100/session/60DEF1F0-4A14-4727-943C-DB82535553CA/element/C0000000-0000-0000-5301-000000000000/click] with body: {"id":"C0000000-0000-0000-5301-000000000000"}
[debug] &amp#27;[35m[WD Proxy]&amp#27;[39m Got response with status 200: {"value":null,"sessionId":"60DEF1F0-4A14-4727-943C-DB82535553CA"}
&amp#27;[35m[WD Proxy]&amp#27;[39m Replacing sessionId 60DEF1F0-4A14-4727-943C-DB82535553CA with fa22c5fe-5ae1-4114-abfe-4bea6798cb79
&amp#27;[35m[HTTP]&amp#27;[39m &amp#27;[37m<-- POST /wd/hub/session/fa22c5fe-5ae1-4114-abfe-4bea6798cb79/element/C0000000-0000-0000-5301-000000000000/click &amp#27;[39m&amp#27;[32m200&amp#27;[39m &amp#27;[90m220 ms - 65&amp#27;[39m
&amp#27;[35m[HTTP]&amp#27;[39m &amp#27;[90m&amp#27;[39m
&amp#27;[35m[HTTP]&amp#27;[39m &amp#27;[37m-->&amp#27;[39m &amp#27;[37mPOST&amp#27;[39m &amp#27;[37m/wd/hub/session/fa22c5fe-5ae1-4114-abfe-4bea6798cb79/element&amp#27;[39m
&amp#27;[35m[HTTP]&amp#27;[39m &amp#27;[90m{"using":"xpath","value":"//XCUIElementTypeKey[@label='4']"}&amp#27;[39m
[debug] &amp#27;[35m[W3C (fa22c5fe)]&amp#27;[39m Calling AppiumDriver.findElement() with args: ["xpath","//XCUIElementTypeKey[@label='4']","fa22c5fe-5ae1-4114-abfe-4bea6798cb79"]
[debug] &amp#27;[35m[XCUITest]&amp#27;[39m Executing command 'findElement'
[debug] &amp#27;[35m[BaseDriver]&amp#27;[39m Valid locator strategies for this request: xpath, id, name, class name, -ios predicate string, -ios class chain, accessibility id, css selector
[debug] &amp#27;[35m[BaseDriver]&amp#27;[39m Waiting up to 25000 ms for condition
[debug] &amp#27;[35m[XCUITest]&amp#27;[39m Setting custom timeout to 750000 ms for 'findElement' command
[debug] &amp#27;[35m[WD Proxy]&amp#27;[39m Matched '/element' to command name 'findElement'
[debug] &amp#27;[35m[WD Proxy]&amp#27;[39m Proxying [POST /element] to [POST http://127.0.0.1:8100/session/60DEF1F0-4A14-4727-943C-DB82535553CA/element] with body: {"using":"xpath","value":"//XCUIElementTypeKey[@label='4']"}
[debug] &amp#27;[35m[WD Proxy]&amp#27;[39m Got response with status 200: {"value":{"ELEMENT":"BF000000-0000-0000-5301-000000000000","element-6066-11e4-a52e-4f735466cecf":"BF000000-0000-0000-5301-000000000000"},"sessionId":"60DEF1F0-4A14-4727-943C-DB82535553CA"}
[debug] &amp#27;[35m[W3C (fa22c5fe)]&amp#27;[39m Responding to client with driver.findElement() result: {"element-6066-11e4-a52e-4f735466cecf":"BF000000-0000-0000-5301-000000000000","ELEMENT":"BF000000-0000-0000-5301-000000000000"}
&amp#27;[35m[HTTP]&amp#27;[39m &amp#27;[37m<-- POST /wd/hub/session/fa22c5fe-5ae1-4114-abfe-4bea6798cb79/element &amp#27;[39m&amp#27;[32m200&amp#27;[39m &amp#27;[90m320 ms - 137&amp#27;[39m
&amp#27;[35m[HTTP]&amp#27;[39m &amp#27;[90m&amp#27;[39m
&amp#27;[35m[HTTP]&amp#27;[39m &amp#27;[37m-->&amp#27;[39m &amp#27;[37mPOST&amp#27;[39m &amp#27;[37m/wd/hub/session/fa22c5fe-5ae1-4114-abfe-4bea6798cb79/element/BF000000-0000-0000-5301-000000000000/click&amp#27;[39m
&amp#27;[35m[HTTP]&amp#27;[39m &amp#27;[90m{"id":"BF000000-0000-0000-5301-000000000000"}&amp#27;[39m
&amp#27;[35m[W3C (fa22c5fe)]&amp#27;[39m Driver proxy active, passing request on via HTTP proxy
[debug] &amp#27;[35m[XCUITest]&amp#27;[39m Executing command 'proxyReqRes'
[...]
[debug] &amp#27;[35m[WD Proxy]&amp#27;[39m Got response with status 200: {"value":null,"sessionId":"60DEF1F0-4A14-4727-943C-DB82535553CA"}
&amp#27;[35m[WD Proxy]&amp#27;[39m Replacing sessionId 60DEF1F0-4A14-4727-943C-DB82535553CA with fa22c5fe-5ae1-4114-abfe-4bea6798cb79
&amp#27;[35m[HTTP]&amp#27;[39m &amp#27;[37m<-- POST /wd/hub/session/fa22c5fe-5ae1-4114-abfe-4bea6798cb79/element/E2070000-0000-0000-5301-000000000000/click &amp#27;[39m&amp#27;[32m200&amp#27;[39m &amp#27;[90m118 ms - 65&amp#27;[39m
&amp#27;[35m[HTTP]&amp#27;[39m &amp#27;[90m&amp#27;[39m
&amp#27;[35m[HTTP]&amp#27;[39m &amp#27;[37m-->&amp#27;[39m &amp#27;[37mPOST&amp#27;[39m &amp#27;[37m/wd/hub/session/fa22c5fe-5ae1-4114-abfe-4bea6798cb79/element&amp#27;[39m
&amp#27;[35m[HTTP]&amp#27;[39m &amp#27;[90m{"using":"xpath","value":"//XCUIElementTypeStaticText[@label='ACCOUNT']"}&amp#27;[39m
[debug] &amp#27;[35m[W3C (fa22c5fe)]&amp#27;[39m Calling AppiumDriver.findElement() with args: ["xpath","//XCUIElementTypeStaticText[@label='ACCOUNT']","fa22c5fe-5ae1-4114-abfe-4bea6798cb79"]
[debug] &amp#27;[35m[XCUITest]&amp#27;[39m Executing command 'findElement'
[debug] &amp#27;[35m[BaseDriver]&amp#27;[39m Valid locator strategies for this request: xpath, id, name, class name, -ios predicate string, -ios class chain, accessibility id, css selector
[debug] &amp#27;[35m[BaseDriver]&amp#27;[39m Waiting up to 25000 ms for condition
[debug] &amp#27;[35m[XCUITest]&amp#27;[39m Setting custom timeout to 750000 ms for 'findElement' command
[debug] &amp#27;[35m[WD Proxy]&amp#27;[39m Matched '/element' to command name 'findElement'
[debug] &amp#27;[35m[WD Proxy]&amp#27;[39m Proxying [POST /element] to [POST http://127.0.0.1:8100/session/60DEF1F0-4A14-4727-943C-DB82535553CA/element] with body: {"using":"xpath","value":"//XCUIElementTypeStaticText[@label='ACCOUNT']"}
&amp#27;[35m[WD Proxy]&amp#27;[39m Got response with status 404: {"value":{"error":"no such element","message":"unable to find an element using 'xpath', value '//XCUIElementTypeStaticText[@label='ACCOUNT']'","traceback":"(\n\t0   WebDriverAgentLib                   0x0000000107fadc70 FBNoSuchElementErrorResponseForRequest + 288\n\t1   WebDriverAgentLib                   0x0000000107fada74 +[FBFindElementCommands handleFindElement:] + 336\n\t2   WebDriverAgentLib                   0x0000000107f77c70 -[FBRoute_TargetAction mountRequest:intoResponse:] + 180\n\t3   WebDriverAgentLib                   0x0000000107f64a8c __37-[FBWebServer registerRouteHandlers:]_block_invoke + 420\n\t4   WebDriverAgentLib                   0x0000000107f971e0 -[RoutingHTTPServer handleRoute:withRequest:response:] + 164\n\t5   WebDriverAgentLib                   0x0000000107f97c64 __72-[RoutingHTTPServer routeMethod:withPath:parameters:request:connection:]_block_invoke + 64\n\t6   libdispatch.dylib                   0x00000001a0c3cac8 8E662F82-B1E4-3E7E-A376-18E9755A8F51 + 15048\n\t7   libdispa...
[debug] &amp#27;[35m[W3C]&amp#27;[39m Matched W3C error code 'no such element' to NoSuchElementError
[debug] &amp#27;[35m[BaseDriver]&amp#27;[39m Waited for 86 ms so far
[debug] &amp#27;[35m[XCUITest]&amp#27;[39m Setting custom timeout to 750000 ms for 'findElement' command
[debug] &amp#27;[35m[WD Proxy]&amp#27;[39m Matched '/element' to command name 'findElement'
[debug] &amp#27;[35m[WD Proxy]&amp#27;[39m Proxying [POST /element] to [POST http://127.0.0.1:8100/session/60DEF1F0-4A14-4727-943C-DB82535553CA/element] with body: {"using":"xpath","value":"//XCUIElementTypeStaticText[@label='ACCOUNT']"}
[debug] &amp#27;[35m[WD Proxy]&amp#27;[39m Got response with status 200: {"value":{"ELEMENT":"20010000-0000-0000-5301-000000000000","element-6066-11e4-a52e-4f735466cecf":"20010000-0000-0000-5301-000000000000"},"sessionId":"60DEF1F0-4A14-4727-943C-DB82535553CA"}
[debug] &amp#27;[35m[W3C (fa22c5fe)]&amp#27;[39m Responding to client with driver.findElement() result: {"element-6066-11e4-a52e-4f735466cecf":"20010000-0000-0000-5301-000000000000","ELEMENT":"20010000-0000-0000-5301-000000000000"}
&amp#27;[35m[HTTP]&amp#27;[39m &amp#27;[37m<-- POST /wd/hub/session/fa22c5fe-5ae1-4114-abfe-4bea6798cb79/element &amp#27;[39m&amp#27;[32m200&amp#27;[39m &amp#27;[90m1051 ms - 137&amp#27;[39m
&amp#27;[35m[HTTP]&amp#27;[39m &amp#27;[90m&amp#27;[39m
&amp#27;[35m[HTTP]&amp#27;[39m &amp#27;[37m-->&amp#27;[39m &amp#27;[37mPOST&amp#27;[39m &amp#27;[37m/wd/hub/session/fa22c5fe-5ae1-4114-abfe-4bea6798cb79/element/20010000-0000-0000-5301-000000000000/click&amp#27;[39m
&amp#27;[35m[HTTP]&amp#27;[39m &amp#27;[90m{"id":"20010000-0000-0000-5301-000000000000"}&amp#27;[39m
&amp#27;[35m[W3C (fa22c5fe)]&amp#27;[39m Driver proxy active, passing request on via HTTP proxy
[debug] &amp#27;[35m[XCUITest]&amp#27;[39m Executing command 'proxyReqRes'
[debug] &amp#27;[35m[WD Proxy]&amp#27;[39m Matched '/wd/hub/session/fa22c5fe-5ae1-4114-abfe-4bea6798cb79/element/20010000-0000-0000-5301-000000000000/click' to command name 'click'
[debug] &amp#27;[35m[WD Proxy]&amp#27;[39m Proxying [POST /wd/hub/session/fa22c5fe-5ae1-4114-abfe-4bea6798cb79/element/20010000-0000-0000-5301-000000000000/click] to [POST http://127.0.0.1:8100/session/60DEF1F0-4A14-4727-943C-DB82535553CA/element/20010000-0000-0000-5301-000000000000/click] with body: {"id":"20010000-0000-0000-5301-000000000000"}
[debug] &amp#27;[35m[WD Proxy]&amp#27;[39m Got response with status 200: {"value":null,"sessionId":"60DEF1F0-4A14-4727-943C-DB82535553CA"}
&amp#27;[35m[WD Proxy]&amp#27;[39m Replacing sessionId 60DEF1F0-4A14-4727-943C-DB82535553CA with fa22c5fe-5ae1-4114-abfe-4bea6798cb79
&amp#27;[35m[HTTP]&amp#27;[39m &amp#27;[37m<-- POST /wd/hub/session/fa22c5fe-5ae1-4114-abfe-4bea6798cb79/element/20010000-0000-0000-5301-000000000000/click &amp#27;[39m&amp#27;[32m200&amp#27;[39m &amp#27;[90m245 ms - 65&amp#27;[39m
&amp#27;[35m[HTTP]&amp#27;[39m &amp#27;[90m&amp#27;[39m
&amp#27;[35m[HTTP]&amp#27;[39m &amp#27;[37m-->&amp#27;[39m &amp#27;[37mPOST&amp#27;[39m &amp#27;[37m/wd/hub/session/fa22c5fe-5ae1-4114-abfe-4bea6798cb79/element&amp#27;[39m
&amp#27;[35m[HTTP]&amp#27;[39m &amp#27;[90m{"using":"xpath","value":"//XCUIElementTypeButton[@name='LOG OUT']"}&amp#27;[39m
[debug] &amp#27;[35m[W3C (fa22c5fe)]&amp#27;[39m Calling AppiumDriver.findElement() with args: ["xpath","//XCUIElementTypeButton[@name='LOG OUT']","fa22c5fe-5ae1-4114-abfe-4bea6798cb79"]
[debug] &amp#27;[35m[XCUITest]&amp#27;[39m Executing command 'findElement'
[debug] &amp#27;[35m[BaseDriver]&amp#27;[39m Valid locator strategies for this request: xpath, id, name, class name, -ios predicate string, -ios class chain, accessibility id, css selector
[debug] &amp#27;[35m[BaseDriver]&amp#27;[39m Waiting up to 25000 ms for condition
[debug] &amp#27;[35m[XCUITest]&amp#27;[39m Setting custom timeout to 750000 ms for 'findElement' command
[debug] &amp#27;[35m[WD Proxy]&amp#27;[39m Matched '/element' to command name 'findElement'
[debug] &amp#27;[35m[WD Proxy]&amp#27;[39m Proxying [POST /element] to [POST http://127.0.0.1:8100/session/60DEF1F0-4A14-4727-943C-DB82535553CA/element] with body: {"using":"xpath","value":"//XCUIElementTypeButton[@name='LOG OUT']"}
[debug] &amp#27;[35m[WD Proxy]&amp#27;[39m Got response with status 200: {"value":{"ELEMENT":"22080000-0000-0000-5301-000000000000","element-6066-11e4-a52e-4f735466cecf":"22080000-0000-0000-5301-000000000000"},"sessionId":"60DEF1F0-4A14-4727-943C-DB82535553CA"}
[debug] &amp#27;[35m[W3C (fa22c5fe)]&amp#27;[39m Responding to client with driver.findElement() result: {"element-6066-11e4-a52e-4f735466cecf":"22080000-0000-0000-5301-000000000000","ELEMENT":"22080000-0000-0000-5301-000000000000"}
&amp#27;[35m[HTTP]&amp#27;[39m &amp#27;[37m<-- POST /wd/hub/session/fa22c5fe-5ae1-4114-abfe-4bea6798cb79/element &amp#27;[39m&amp#27;[32m200&amp#27;[39m &amp#27;[90m211 ms - 137&amp#27;[39m
&amp#27;[35m[HTTP]&amp#27;[39m &amp#27;[90m&amp#27;[39m
&amp#27;[35m[HTTP]&amp#27;[39m &amp#27;[37m-->&amp#27;[39m &amp#27;[37mPOST&amp#27;[39m &amp#27;[37m/wd/hub/session/fa22c5fe-5ae1-4114-abfe-4bea6798cb79/element/22080000-0000-0000-5301-000000000000/click&amp#27;[39m
&amp#27;[35m[HTTP]&amp#27;[39m &amp#27;[90m{"id":"22080000-0000-0000-5301-000000000000"}&amp#27;[39m
&amp#27;[35m[W3C (fa22c5fe)]&amp#27;[39m Driver proxy active, passing request on via HTTP proxy
[debug] &amp#27;[35m[XCUITest]&amp#27;[39m Executing command 'proxyReqRes'
[debug] &amp#27;[35m[WD Proxy]&amp#27;[39m Matched '/wd/hub/session/fa22c5fe-5ae1-4114-abfe-4bea6798cb79/element/22080000-0000-0000-5301-000000000000/click' to command name 'click'
[debug] &amp#27;[35m[WD Proxy]&amp#27;[39m Proxying [POST /wd/hub/session/fa22c5fe-5ae1-4114-abfe-4bea6798cb79/element/22080000-0000-0000-5301-000000000000/click] to [POST http://127.0.0.1:8100/session/60DEF1F0-4A14-4727-943C-DB82535553CA/element/22080000-0000-0000-5301-000000000000/click] with body: {"id":"22080000-0000-0000-5301-000000000000"}
[debug] &amp#27;[35m[WD Proxy]&amp#27;[39m Got response with status 200: {"value":null,"sessionId":"60DEF1F0-4A14-4727-943C-DB82535553CA"}
&amp#27;[35m[WD Proxy]&amp#27;[39m Replacing sessionId 60DEF1F0-4A14-4727-943C-DB82535553CA with fa22c5fe-5ae1-4114-abfe-4bea6798cb79
&amp#27;[35m[HTTP]&amp#27;[39m &amp#27;[37m<-- POST /wd/hub/session/fa22c5fe-5ae1-4114-abfe-4bea6798cb79/element/22080000-0000-0000-5301-000000000000/click &amp#27;[39m&amp#27;[32m200&amp#27;[39m &amp#27;[90m538 ms - 65&amp#27;[39m
&amp#27;[35m[HTTP]&amp#27;[39m &amp#27;[90m&amp#27;[39m
&amp#27;[35m[HTTP]&amp#27;[39m &amp#27;[37m-->&amp#27;[39m &amp#27;[37mPOST&amp#27;[39m &amp#27;[37m/wd/hub/session/fa22c5fe-5ae1-4114-abfe-4bea6798cb79/element&amp#27;[39m
&amp#27;[35m[HTTP]&amp#27;[39m &amp#27;[90m{"using":"xpath","value":"//XCUIElementTypeButton[@name='Log out']"}&amp#27;[39m
[debug] &amp#27;[35m[W3C (fa22c5fe)]&amp#27;[39m Calling AppiumDriver.findElement() with args: ["xpath","//XCUIElementTypeButton[@name='Log out']","fa22c5fe-5ae1-4114-abfe-4bea6798cb79"]
[debug] &amp#27;[35m[XCUITest]&amp#27;[39m Executing command 'findElement'
[debug] &amp#27;[35m[BaseDriver]&amp#27;[39m Valid locator strategies for this request: xpath, id, name, class name, -ios predicate string, -ios class chain, accessibility id, css selector
[debug] &amp#27;[35m[BaseDriver]&amp#27;[39m Waiting up to 25000 ms for condition
[debug] &amp#27;[35m[XCUITest]&amp#27;[39m Setting custom timeout to 750000 ms for 'findElement' command
[debug] &amp#27;[35m[WD Proxy]&amp#27;[39m Matched '/element' to command name 'findElement'
[debug] &amp#27;[35m[WD Proxy]&amp#27;[39m Proxying [POST /element] to [POST http://127.0.0.1:8100/session/60DEF1F0-4A14-4727-943C-DB82535553CA/element] with body: {"using":"xpath","value":"//XCUIElementTypeButton[@name='Log out']"}
[debug] &amp#27;[35m[WD Proxy]&amp#27;[39m Got response with status 200: {"value":{"ELEMENT":"37080000-0000-0000-5301-000000000000","element-6066-11e4-a52e-4f735466cecf":"37080000-0000-0000-5301-000000000000"},"sessionId":"60DEF1F0-4A14-4727-943C-DB82535553CA"}
[debug] &amp#27;[35m[W3C (fa22c5fe)]&amp#27;[39m Responding to client with driver.findElement() result: {"element-6066-11e4-a52e-4f735466cecf":"37080000-0000-0000-5301-000000000000","ELEMENT":"37080000-0000-0000-5301-000000000000"}
&amp#27;[35m[HTTP]&amp#27;[39m &amp#27;[37m<-- POST /wd/hub/session/fa22c5fe-5ae1-4114-abfe-4bea6798cb79/element &amp#27;[39m&amp#27;[32m200&amp#27;[39m &amp#27;[90m542 ms - 137&amp#27;[39m
&amp#27;[35m[HTTP]&amp#27;[39m &amp#27;[90m&amp#27;[39m
&amp#27;[35m[HTTP]&amp#27;[39m &amp#27;[37m-->&amp#27;[39m &amp#27;[37mGET&amp#27;[39m &amp#27;[37m/wd/hub/session/fa22c5fe-5ae1-4114-abfe-4bea6798cb79/element/37080000-0000-0000-5301-000000000000/text&amp#27;[39m
&amp#27;[35m[HTTP]&amp#27;[39m &amp#27;[90m{}&amp#27;[39m
&amp#27;[35m[W3C (fa22c5fe)]&amp#27;[39m Driver proxy active, passing request on via HTTP proxy
[debug] &amp#27;[35m[XCUITest]&amp#27;[39m Executing command 'proxyReqRes'
[debug] &amp#27;[35m[WD Proxy]&amp#27;[39m Matched '/wd/hub/session/fa22c5fe-5ae1-4114-abfe-4bea6798cb79/element/37080000-0000-0000-5301-000000000000/text' to command name 'getText'
[debug] &amp#27;[35m[WD Proxy]&amp#27;[39m Proxying [GET /wd/hub/session/fa22c5fe-5ae1-4114-abfe-4bea6798cb79/element/37080000-0000-0000-5301-000000000000/text] to [GET http://127.0.0.1:8100/session/60DEF1F0-4A14-4727-943C-DB82535553CA/element/37080000-0000-0000-5301-000000000000/text] with no body
[debug] &amp#27;[35m[WD Proxy]&amp#27;[39m Got response with status 200: {"value":"Log out","sessionId":"60DEF1F0-4A14-4727-943C-DB82535553CA"}
&amp#27;[35m[WD Proxy]&amp#27;[39m Replacing sessionId 60DEF1F0-4A14-4727-943C-DB82535553CA with fa22c5fe-5ae1-4114-abfe-4bea6798cb79
&amp#27;[35m[HTTP]&amp#27;[39m &amp#27;[37m<-- GET /wd/hub/session/fa22c5fe-5ae1-4114-abfe-4bea6798cb79/element/37080000-0000-0000-5301-000000000000/text &amp#27;[39m&amp#27;[32m200&amp#27;[39m &amp#27;[90m35 ms - 70&amp#27;[39m
&amp#27;[35m[HTTP]&amp#27;[39m &amp#27;[90m&amp#27;[39m
&amp#27;[35m[HTTP]&amp#27;[39m &amp#27;[37m-->&amp#27;[39m &amp#27;[37mPOST&amp#27;[39m &amp#27;[37m/wd/hub/session/fa22c5fe-5ae1-4114-abfe-4bea6798cb79/element&amp#27;[39m
&amp#27;[35m[HTTP]&amp#27;[39m &amp#27;[90m{"using":"accessibility id","value":"Log out"}&amp#27;[39m
[debug] &amp#27;[35m[W3C (fa22c5fe)]&amp#27;[39m Calling AppiumDriver.findElement() with args: ["accessibility id","Log out","fa22c5fe-5ae1-4114-abfe-4bea6798cb79"]
[debug] &amp#27;[35m[XCUITest]&amp#27;[39m Executing command 'findElement'
[debug] &amp#27;[35m[BaseDriver]&amp#27;[39m Valid locator strategies for this request: xpath, id, name, class name, -ios predicate string, -ios class chain, accessibility id, css selector
[debug] &amp#27;[35m[BaseDriver]&amp#27;[39m Waiting up to 25000 ms for condition
[debug] &amp#27;[35m[XCUITest]&amp#27;[39m Setting custom timeout to 750000 ms for 'findElement' command
[debug] &amp#27;[35m[WD Proxy]&amp#27;[39m Matched '/element' to command name 'findElement'
[debug] &amp#27;[35m[WD Proxy]&amp#27;[39m Proxying [POST /element] to [POST http://127.0.0.1:8100/session/60DEF1F0-4A14-4727-943C-DB82535553CA/element] with body: {"using":"accessibility id","value":"Log out"}
[debug] &amp#27;[35m[WD Proxy]&amp#27;[39m Got response with status 200: {"value":{"ELEMENT":"37080000-0000-0000-5301-000000000000","element-6066-11e4-a52e-4f735466cecf":"37080000-0000-0000-5301-000000000000"},"sessionId":"60DEF1F0-4A14-4727-943C-DB82535553CA"}
[debug] &amp#27;[35m[W3C (fa22c5fe)]&amp#27;[39m Responding to client with driver.findElement() result: {"element-6066-11e4-a52e-4f735466cecf":"37080000-0000-0000-5301-000000000000","ELEMENT":"37080000-0000-0000-5301-000000000000"}
&amp#27;[35m[HTTP]&amp#27;[39m &amp#27;[37m<-- POST /wd/hub/session/fa22c5fe-5ae1-4114-abfe-4bea6798cb79/element &amp#27;[39m&amp#27;[32m200&amp#27;[39m &amp#27;[90m200 ms - 137&amp#27;[39m
&amp#27;[35m[HTTP]&amp#27;[39m &amp#27;[90m&amp#27;[39m
&amp#27;[35m[HTTP]&amp#27;[39m &amp#27;[37m-->&amp#27;[39m &amp#27;[37mGET&amp#27;[39m &amp#27;[37m/wd/hub/session/fa22c5fe-5ae1-4114-abfe-4bea6798cb79/element/37080000-0000-0000-5301-000000000000/location&amp#27;[39m
&amp#27;[35m[HTTP]&amp#27;[39m &amp#27;[90m{}&amp#27;[39m
[debug] &amp#27;[35m[W3C (fa22c5fe)]&amp#27;[39m Calling AppiumDriver.getLocation() with args: ["37080000-0000-0000-5301-000000000000","fa22c5fe-5ae1-4114-abfe-4bea6798cb79"]
[debug] &amp#27;[35m[XCUITest]&amp#27;[39m Executing command 'getLocation'
[debug] &amp#27;[35m[XCUITest]&amp#27;[39m Setting custom timeout to 750000 ms for 'getElementRect' command
[debug] &amp#27;[35m[WD Proxy]&amp#27;[39m Matched '/element/37080000-0000-0000-5301-000000000000/rect' to command name 'getElementRect'
[debug] &amp#27;[35m[WD Proxy]&amp#27;[39m Proxying [GET /element/37080000-0000-0000-5301-000000000000/rect] to [GET http://127.0.0.1:8100/session/60DEF1F0-4A14-4727-943C-DB82535553CA/element/37080000-0000-0000-5301-000000000000/rect] with no body
[debug] &amp#27;[35m[WD Proxy]&amp#27;[39m Got response with status 200: {"value":{"y":435,"x":65,"width":245,"height":41},"sessionId":"60DEF1F0-4A14-4727-943C-DB82535553CA"}
[debug] &amp#27;[35m[W3C (fa22c5fe)]&amp#27;[39m Responding to client with driver.getLocation() result: {"x":65,"y":435}
&amp#27;[35m[HTTP]&amp#27;[39m &amp#27;[37m<-- GET /wd/hub/session/fa22c5fe-5ae1-4114-abfe-4bea6798cb79/element/37080000-0000-0000-5301-000000000000/location &amp#27;[39m&amp#27;[32m200&amp#27;[39m &amp#27;[90m79 ms - 26&amp#27;[39m
&amp#27;[35m[HTTP]&amp#27;[39m &amp#27;[90m&amp#27;[39m
&amp#27;[35m[HTTP]&amp#27;[39m &amp#27;[37m-->&amp#27;[39m &amp#27;[37mGET&amp#27;[39m &amp#27;[37m/wd/hub/session/fa22c5fe-5ae1-4114-abfe-4bea6798cb79/element/37080000-0000-0000-5301-000000000000/location&amp#27;[39m
&amp#27;[35m[HTTP]&amp#27;[39m &amp#27;[90m{}&amp#27;[39m
[debug] &amp#27;[35m[W3C (fa22c5fe)]&amp#27;[39m Calling AppiumDriver.getLocation() with args: ["37080000-0000-0000-5301-000000000000","fa22c5fe-5ae1-4114-abfe-4bea6798cb79"]
[debug] &amp#27;[35m[XCUITest]&amp#27;[39m Executing command 'getLocation'
[debug] &amp#27;[35m[XCUITest]&amp#27;[39m Setting custom timeout to 750000 ms for 'getElementRect' command
[debug] &amp#27;[35m[WD Proxy]&amp#27;[39m Matched '/element/37080000-0000-0000-5301-000000000000/rect' to command name 'getElementRect'
[debug] &amp#27;[35m[WD Proxy]&amp#27;[39m Proxying [GET /element/37080000-0000-0000-5301-000000000000/rect] to [GET http://127.0.0.1:8100/session/60DEF1F0-4A14-4727-943C-DB82535553CA/element/37080000-0000-0000-5301-000000000000/rect] with no body
[debug] &amp#27;[35m[WD Proxy]&amp#27;[39m Got response with status 200: {"value":{"y":435,"x":65,"width":245,"height":41},"sessionId":"60DEF1F0-4A14-4727-943C-DB82535553CA"}
[debug] &amp#27;[35m[W3C (fa22c5fe)]&amp#27;[39m Responding to client with driver.getLocation() result: {"x":65,"y":435}
&amp#27;[35m[HTTP]&amp#27;[39m &amp#27;[37m<-- GET /wd/hub/session/fa22c5fe-5ae1-4114-abfe-4bea6798cb79/element/37080000-0000-0000-5301-000000000000/location &amp#27;[39m&amp#27;[32m200&amp#27;[39m &amp#27;[90m71 ms - 26&amp#27;[39m
&amp#27;[35m[HTTP]&amp#27;[39m &amp#27;[90m&amp#27;[39m
&amp#27;[35m[HTTP]&amp#27;[39m &amp#27;[37m-->&amp#27;[39m &amp#27;[37mPOST&amp#27;[39m &amp#27;[37m/wd/hub/session/fa22c5fe-5ae1-4114-abfe-4bea6798cb79/touch/perform&amp#27;[39m
&amp#27;[35m[HTTP]&amp#27;[39m &amp#27;[90m{"actions":[{"action":"tap","options":{"x":135,"y":465}}]}&amp#27;[39m
[debug] &amp#27;[35m[W3C (fa22c5fe)]&amp#27;[39m Calling AppiumDriver.performTouch() with args: [[{"action":"tap","options":{"x":135,"y":465}}],"fa22c5fe-5ae1-4114-abfe-4bea6798cb79"]
[debug] &amp#27;[35m[XCUITest]&amp#27;[39m Executing command 'performTouch'
[debug] &amp#27;[35m[XCUITest]&amp#27;[39m Received the following touch action: tap(options={"x":135,"y":465})
[debug] &amp#27;[35m[XCUITest]&amp#27;[39m Setting custom timeout to 750000 ms for 'performTouch' command
[debug] &amp#27;[35m[WD Proxy]&amp#27;[39m Proxying [POST /wda/touch/perform] to [POST http://127.0.0.1:8100/session/60DEF1F0-4A14-4727-943C-DB82535553CA/wda/touch/perform] with body: {"actions":[{"action":"tap","options":{"x":135,"y":465}}]}
[debug] &amp#27;[35m[WD Proxy]&amp#27;[39m Got response with status 200: {"value":null,"sessionId":"60DEF1F0-4A14-4727-943C-DB82535553CA"}
[debug] &amp#27;[35m[W3C (fa22c5fe)]&amp#27;[39m Responding to client with driver.performTouch() result: null
&amp#27;[35m[HTTP]&amp#27;[39m &amp#27;[37m<-- POST /wd/hub/session/fa22c5fe-5ae1-4114-abfe-4bea6798cb79/touch/perform &amp#27;[39m&amp#27;[32m200&amp#27;[39m &amp#27;[90m683 ms - 14&amp#27;[39m
&amp#27;[35m[HTTP]&amp#27;[39m &amp#27;[90m&amp#27;[39m
]]></system-out>
    <system-err><![CDATA[Feb 25, 2022 12:14:49 PM io.appium.java_client.remote.AppiumCommandExecutor$1 lambda$0
INFO: Detected dialect: W3C
]]></system-err>
  </testcase>
</testsuite>