<?xml version="1.0" encoding="UTF-8"?>
<testng-results ignored="0" total="1" passed="1" failed="0" skipped="0">
  <reporter-output>
  </reporter-output>
  <suite started-at="2025-03-20T10:57:30 EDT" name="Default suite" finished-at="2025-03-20T10:59:02 EDT" duration-ms="92125">
    <groups>
      <group name="TestGroup1">
        <method signature="AvailableEquipmentLink.availableEquipmentLink_Reset()[pri:0, instance:impertoRental.AvailableEquipmentLink@1151e434]" name="availableEquipmentLink_Reset" class="impertoRental.AvailableEquipmentLink"/>
      </group> <!-- TestGroup1 -->
    </groups>
    <test started-at="2025-03-20T10:57:30 EDT" name="Default test" finished-at="2025-03-20T10:59:02 EDT" duration-ms="92125">
      <class name="impertoRental.AvailableEquipmentLink">
        <test-method is-config="true" signature="startTest()[pri:0, instance:impertoRental.AvailableEquipmentLink@1151e434]" started-at="2025-03-20T10:57:30 EDT" name="startTest" finished-at="2025-03-20T10:57:30 EDT" duration-ms="5" status="PASS">
          <reporter-output>
          </reporter-output>
        </test-method> <!-- startTest -->
        <test-method is-config="true" signature="KillAllNodes()[pri:0, instance:impertoRental.AvailableEquipmentLink@1151e434]" started-at="2025-03-20T10:57:30 EDT" name="KillAllNodes" finished-at="2025-03-20T10:57:30 EDT" duration-ms="49" status="PASS">
          <reporter-output>
          </reporter-output>
        </test-method> <!-- KillAllNodes -->
        <test-method signature="availableEquipmentLink_Reset()[pri:0, instance:impertoRental.AvailableEquipmentLink@1151e434]" started-at="2025-03-20T10:57:30 EDT" name="availableEquipmentLink_Reset" finished-at="2025-03-20T10:59:02 EDT" duration-ms="92055" status="PASS">
          <reporter-output>
          </reporter-output>
        </test-method> <!-- availableEquipmentLink_Reset -->
      </class> <!-- impertoRental.AvailableEquipmentLink -->
    </test> <!-- Default test -->
  </suite> <!-- Default suite -->
</testng-results>
